Jun 28, 2018 8:12:50 PM org.optframework.Main main
INFO: Main Flow is started
Jun 28, 2018 8:12:53 PM org.optframework.config.Config initConfig
INFO: config file is read
Jun 28, 2018 8:12:53 PM org.optframework.core.utils.Printer printSplitter
INFO: 
===================================================
===================================================
===================================================

Jun 28, 2018 8:12:53 PM org.optframework.core.InstanceInfo populateInstancePrices
INFO: Loads spot prices history
Jun 28, 2018 3:42:56 PM org.optframework.RunHEFTWithHBMO runHEFTWithHBMO
INFO: <<<<<<<<<<  HBMO Algorithm is started  >>>>>>>>>>
Jun 28, 2018 3:42:56 PM org.optframework.core.utils.PopulateWorkflow populateWorkflowWithId
INFO: Populates the workflow from Dax file
Jun 28, 2018 3:43:01 PM org.optframework.core.hbmo.HBMOAlgorithm runAlgorithm
INFO: Queen local search time: 2663
Jun 28, 2018 3:43:01 PM org.optframework.core.hbmo.HBMOAlgorithm runAlgorithm
INFO: =========================Iteration :0
Jun 28, 2018 3:43:06 PM org.optframework.core.utils.Printer lightPrintSolutionForHBMOItr
INFO: Number of used Instances: 14
Jun 28, 2018 3:43:06 PM org.optframework.core.utils.Printer lightPrintSolutionForHBMOItr
INFO: Fitness Value: 16625.001613739325 Makespan: 16626 Total Cost: 1.613739323803419
Jun 28, 2018 3:43:06 PM org.optframework.core.hbmo.HBMOAlgorithm runAlgorithm
INFO: =========================Iteration :1
Jun 28, 2018 3:43:10 PM org.optframework.core.utils.Printer lightPrintSolutionForHBMOItr
INFO: Number of used Instances: 13
Jun 28, 2018 3:43:10 PM org.optframework.core.utils.Printer lightPrintSolutionForHBMOItr
INFO: Fitness Value: 12077.000122284759 Makespan: 12078 Total Cost: 0.12228475805982907
Jun 28, 2018 3:43:10 PM org.optframework.core.hbmo.HBMOAlgorithm runAlgorithm
INFO: =========================Iteration :2
Jun 28, 2018 3:43:14 PM org.optframework.core.utils.Printer lightPrintSolutionForHBMOItr
INFO: Number of used Instances: 13
Jun 28, 2018 3:43:14 PM org.optframework.core.utils.Printer lightPrintSolutionForHBMOItr
INFO: Fitness Value: 12077.000122284759 Makespan: 12078 Total Cost: 0.12228475805982907
Jun 28, 2018 3:43:14 PM org.optframework.core.hbmo.HBMOAlgorithm runAlgorithm
INFO: =========================Iteration :3
Jun 28, 2018 3:43:18 PM org.optframework.core.utils.Printer lightPrintSolutionForHBMOItr
INFO: Number of used Instances: 13
Jun 28, 2018 3:43:18 PM org.optframework.core.utils.Printer lightPrintSolutionForHBMOItr
INFO: Fitness Value: 10856.002436330125 Makespan: 10857 Total Cost: 2.4363301249871796
Jun 28, 2018 3:43:18 PM org.optframework.core.hbmo.HBMOAlgorithm runAlgorithm
INFO: =========================Iteration :4
Jun 28, 2018 3:43:22 PM org.optframework.core.utils.Printer lightPrintSolutionForHBMOItr
INFO: Number of used Instances: 13
Jun 28, 2018 3:43:22 PM org.optframework.core.utils.Printer lightPrintSolutionForHBMOItr
INFO: Fitness Value: 10856.002436330125 Makespan: 10857 Total Cost: 2.4363301249871796
Jun 28, 2018 3:43:22 PM org.optframework.core.hbmo.HBMOAlgorithm runAlgorithm
INFO: =========================Iteration :5
Jun 28, 2018 3:43:26 PM org.optframework.core.utils.Printer lightPrintSolutionForHBMOItr
INFO: Number of used Instances: 13
Jun 28, 2018 3:43:26 PM org.optframework.core.utils.Printer lightPrintSolutionForHBMOItr
INFO: Fitness Value: 8542.001543339638 Makespan: 8543 Total Cost: 1.543339638754274
Jun 28, 2018 3:43:26 PM org.optframework.core.hbmo.HBMOAlgorithm runAlgorithm
INFO: =========================Iteration :6
Jun 28, 2018 3:43:30 PM org.optframework.core.utils.Printer lightPrintSolutionForHBMOItr
INFO: Number of used Instances: 13
Jun 28, 2018 3:43:30 PM org.optframework.core.utils.Printer lightPrintSolutionForHBMOItr
INFO: Fitness Value: 8542.001543339638 Makespan: 8543 Total Cost: 1.543339638754274
Jun 28, 2018 3:43:30 PM org.optframework.core.hbmo.HBMOAlgorithm runAlgorithm
INFO: =========================Iteration :7
Jun 28, 2018 3:43:34 PM org.optframework.core.utils.Printer lightPrintSolutionForHBMOItr
INFO: Number of used Instances: 13
Jun 28, 2018 3:43:34 PM org.optframework.core.utils.Printer lightPrintSolutionForHBMOItr
INFO: Fitness Value: 8542.001543339638 Makespan: 8543 Total Cost: 1.543339638754274
Jun 28, 2018 3:43:34 PM org.optframework.core.hbmo.HBMOAlgorithm runAlgorithm
INFO: =========================Iteration :8
Jun 28, 2018 3:43:38 PM org.optframework.core.utils.Printer lightPrintSolutionForHBMOItr
INFO: Number of used Instances: 13
Jun 28, 2018 3:43:38 PM org.optframework.core.utils.Printer lightPrintSolutionForHBMOItr
INFO: Fitness Value: 8542.001543339638 Makespan: 8543 Total Cost: 1.543339638754274
Jun 28, 2018 3:43:38 PM org.optframework.core.hbmo.HBMOAlgorithm runAlgorithm
INFO: =========================Iteration :9
Jun 28, 2018 3:43:42 PM org.optframework.core.utils.Printer lightPrintSolutionForHBMOItr
INFO: Number of used Instances: 13
Jun 28, 2018 3:43:42 PM org.optframework.core.utils.Printer lightPrintSolutionForHBMOItr
INFO: Fitness Value: 8542.001543339638 Makespan: 8543 Total Cost: 1.543339638754274
Jun 28, 2018 3:43:42 PM org.optframework.core.hbmo.HBMOAlgorithm runAlgorithm
INFO: =========================Iteration :10
Jun 28, 2018 3:43:46 PM org.optframework.core.utils.Printer lightPrintSolutionForHBMOItr
INFO: Number of used Instances: 13
Jun 28, 2018 3:43:46 PM org.optframework.core.utils.Printer lightPrintSolutionForHBMOItr
INFO: Fitness Value: 8542.001543339638 Makespan: 8543 Total Cost: 1.543339638754274
Jun 28, 2018 3:43:46 PM org.optframework.core.hbmo.HBMOAlgorithm runAlgorithm
INFO: =========================Iteration :11
Jun 28, 2018 3:43:50 PM org.optframework.core.utils.Printer lightPrintSolutionForHBMOItr
INFO: Number of used Instances: 13
Jun 28, 2018 3:43:50 PM org.optframework.core.utils.Printer lightPrintSolutionForHBMOItr
INFO: Fitness Value: 8542.001543339638 Makespan: 8543 Total Cost: 1.543339638754274
Jun 28, 2018 3:43:50 PM org.optframework.core.hbmo.HBMOAlgorithm runAlgorithm
INFO: =========================Iteration :12
Jun 28, 2018 3:43:54 PM org.optframework.core.utils.Printer lightPrintSolutionForHBMOItr
INFO: Number of used Instances: 13
Jun 28, 2018 3:43:54 PM org.optframework.core.utils.Printer lightPrintSolutionForHBMOItr
INFO: Fitness Value: 8542.001543339638 Makespan: 8543 Total Cost: 1.543339638754274
Jun 28, 2018 3:43:54 PM org.optframework.core.hbmo.HBMOAlgorithm runAlgorithm
INFO: =========================Iteration :13
Jun 28, 2018 3:43:57 PM org.optframework.core.utils.Printer lightPrintSolutionForHBMOItr
INFO: Number of used Instances: 13
Jun 28, 2018 3:43:57 PM org.optframework.core.utils.Printer lightPrintSolutionForHBMOItr
INFO: Fitness Value: 8542.001543339638 Makespan: 8543 Total Cost: 1.543339638754274
Jun 28, 2018 3:43:57 PM org.optframework.core.hbmo.HBMOAlgorithm runAlgorithm
INFO: =========================Iteration :14
Jun 28, 2018 3:44:02 PM org.optframework.core.utils.Printer lightPrintSolutionForHBMOItr
INFO: Number of used Instances: 13
Jun 28, 2018 3:44:02 PM org.optframework.core.utils.Printer lightPrintSolutionForHBMOItr
INFO: Fitness Value: 8542.001543339638 Makespan: 8543 Total Cost: 1.543339638754274
Jun 28, 2018 3:44:02 PM org.optframework.core.hbmo.HBMOAlgorithm runAlgorithm
INFO: =========================Iteration :15
Jun 28, 2018 3:44:05 PM org.optframework.core.utils.Printer lightPrintSolutionForHBMOItr
INFO: Number of used Instances: 13
Jun 28, 2018 3:44:05 PM org.optframework.core.utils.Printer lightPrintSolutionForHBMOItr
INFO: Fitness Value: 8542.001543339638 Makespan: 8543 Total Cost: 1.543339638754274
Jun 28, 2018 3:44:05 PM org.optframework.core.hbmo.HBMOAlgorithm runAlgorithm
INFO: =========================Iteration :16
Jun 28, 2018 3:44:09 PM org.optframework.core.utils.Printer lightPrintSolutionForHBMOItr
INFO: Number of used Instances: 13
Jun 28, 2018 3:44:09 PM org.optframework.core.utils.Printer lightPrintSolutionForHBMOItr
INFO: Fitness Value: 8542.001543339638 Makespan: 8543 Total Cost: 1.543339638754274
Jun 28, 2018 3:44:09 PM org.optframework.core.hbmo.HBMOAlgorithm runAlgorithm
INFO: =========================Iteration :17
Jun 28, 2018 3:44:13 PM org.optframework.core.utils.Printer lightPrintSolutionForHBMOItr
INFO: Number of used Instances: 13
Jun 28, 2018 3:44:13 PM org.optframework.core.utils.Printer lightPrintSolutionForHBMOItr
INFO: Fitness Value: 8542.001543339638 Makespan: 8543 Total Cost: 1.543339638754274
Jun 28, 2018 3:44:13 PM org.optframework.core.hbmo.HBMOAlgorithm runAlgorithm
INFO: =========================Iteration :18
Jun 28, 2018 3:44:17 PM org.optframework.core.utils.Printer lightPrintSolutionForHBMOItr
INFO: Number of used Instances: 13
Jun 28, 2018 3:44:17 PM org.optframework.core.utils.Printer lightPrintSolutionForHBMOItr
INFO: Fitness Value: 8542.001543339638 Makespan: 8543 Total Cost: 1.543339638754274
Jun 28, 2018 3:44:17 PM org.optframework.core.hbmo.HBMOAlgorithm runAlgorithm
INFO: =========================Iteration :19
Jun 28, 2018 3:44:21 PM org.optframework.core.utils.Printer lightPrintSolutionForHBMOItr
INFO: Number of used Instances: 13
Jun 28, 2018 3:44:21 PM org.optframework.core.utils.Printer lightPrintSolutionForHBMOItr
INFO: Fitness Value: 8542.001543339638 Makespan: 8543 Total Cost: 1.543339638754274
Jun 28, 2018 3:44:21 PM org.optframework.core.hbmo.HBMOAlgorithm runAlgorithm
INFO: =========================Iteration :20
Jun 28, 2018 3:44:25 PM org.optframework.core.utils.Printer lightPrintSolutionForHBMOItr
INFO: Number of used Instances: 13
Jun 28, 2018 3:44:25 PM org.optframework.core.utils.Printer lightPrintSolutionForHBMOItr
INFO: Fitness Value: 8542.001543339638 Makespan: 8543 Total Cost: 1.543339638754274
Jun 28, 2018 3:44:25 PM org.optframework.core.hbmo.HBMOAlgorithm runAlgorithm
INFO: =========================Iteration :21
Jun 28, 2018 3:44:29 PM org.optframework.core.utils.Printer lightPrintSolutionForHBMOItr
INFO: Number of used Instances: 13
Jun 28, 2018 3:44:29 PM org.optframework.core.utils.Printer lightPrintSolutionForHBMOItr
INFO: Fitness Value: 8542.001543339638 Makespan: 8543 Total Cost: 1.543339638754274
Jun 28, 2018 3:44:29 PM org.optframework.core.hbmo.HBMOAlgorithm runAlgorithm
INFO: =========================Iteration :22
Jun 28, 2018 3:44:32 PM org.optframework.core.utils.Printer lightPrintSolutionForHBMOItr
INFO: Number of used Instances: 13
Jun 28, 2018 3:44:32 PM org.optframework.core.utils.Printer lightPrintSolutionForHBMOItr
INFO: Fitness Value: 8542.001543339638 Makespan: 8543 Total Cost: 1.543339638754274
Jun 28, 2018 3:44:32 PM org.optframework.core.hbmo.HBMOAlgorithm runAlgorithm
INFO: =========================Iteration :23
Jun 28, 2018 3:44:36 PM org.optframework.core.utils.Printer lightPrintSolutionForHBMOItr
INFO: Number of used Instances: 13
Jun 28, 2018 3:44:36 PM org.optframework.core.utils.Printer lightPrintSolutionForHBMOItr
INFO: Fitness Value: 8542.001543339638 Makespan: 8543 Total Cost: 1.543339638754274
Jun 28, 2018 3:44:36 PM org.optframework.core.hbmo.HBMOAlgorithm runAlgorithm
INFO: =========================Iteration :24
Jun 28, 2018 3:44:40 PM org.optframework.core.utils.Printer lightPrintSolutionForHBMOItr
INFO: Number of used Instances: 13
Jun 28, 2018 3:44:40 PM org.optframework.core.utils.Printer lightPrintSolutionForHBMOItr
INFO: Fitness Value: 8542.001543339638 Makespan: 8543 Total Cost: 1.543339638754274
Jun 28, 2018 3:44:40 PM org.optframework.core.hbmo.HBMOAlgorithm runAlgorithm
INFO: =========================Iteration :25
Jun 28, 2018 3:44:44 PM org.optframework.core.utils.Printer lightPrintSolutionForHBMOItr
INFO: Number of used Instances: 13
Jun 28, 2018 3:44:44 PM org.optframework.core.utils.Printer lightPrintSolutionForHBMOItr
INFO: Fitness Value: 8542.001543339638 Makespan: 8543 Total Cost: 1.543339638754274
Jun 28, 2018 3:44:44 PM org.optframework.core.hbmo.HBMOAlgorithm runAlgorithm
INFO: =========================Iteration :26
Jun 28, 2018 3:44:48 PM org.optframework.core.utils.Printer lightPrintSolutionForHBMOItr
INFO: Number of used Instances: 13
Jun 28, 2018 3:44:48 PM org.optframework.core.utils.Printer lightPrintSolutionForHBMOItr
INFO: Fitness Value: 8542.001543339638 Makespan: 8543 Total Cost: 1.543339638754274
Jun 28, 2018 3:44:48 PM org.optframework.core.hbmo.HBMOAlgorithm runAlgorithm
INFO: =========================Iteration :27
Jun 28, 2018 3:44:52 PM org.optframework.core.utils.Printer lightPrintSolutionForHBMOItr
INFO: Number of used Instances: 15
Jun 28, 2018 3:44:52 PM org.optframework.core.utils.Printer lightPrintSolutionForHBMOItr
INFO: Fitness Value: 8359.00142458203 Makespan: 8360 Total Cost: 1.424582029391026
Jun 28, 2018 3:44:52 PM org.optframework.core.hbmo.HBMOAlgorithm runAlgorithm
INFO: =========================Iteration :28
Jun 28, 2018 3:44:55 PM org.optframework.core.utils.Printer lightPrintSolutionForHBMOItr
INFO: Number of used Instances: 14
Jun 28, 2018 3:44:55 PM org.optframework.core.utils.Printer lightPrintSolutionForHBMOItr
INFO: Fitness Value: 7215.001019650261 Makespan: 7216 Total Cost: 1.0196502611901712
Jun 28, 2018 3:44:55 PM org.optframework.core.hbmo.HBMOAlgorithm runAlgorithm
INFO: =========================Iteration :29
Jun 28, 2018 3:44:59 PM org.optframework.core.utils.Printer lightPrintSolutionForHBMOItr
INFO: Number of used Instances: 14
Jun 28, 2018 3:44:59 PM org.optframework.core.utils.Printer lightPrintSolutionForHBMOItr
INFO: Fitness Value: 7215.001019650261 Makespan: 7216 Total Cost: 1.0196502611901712
Jun 28, 2018 3:44:59 PM org.optframework.core.hbmo.HBMOAlgorithm runAlgorithm
INFO: =========================Iteration :30
Jun 28, 2018 3:45:03 PM org.optframework.core.utils.Printer lightPrintSolutionForHBMOItr
INFO: Number of used Instances: 14
Jun 28, 2018 3:45:03 PM org.optframework.core.utils.Printer lightPrintSolutionForHBMOItr
INFO: Fitness Value: 7215.001019650261 Makespan: 7216 Total Cost: 1.0196502611901712
Jun 28, 2018 3:45:03 PM org.optframework.core.hbmo.HBMOAlgorithm runAlgorithm
INFO: =========================Iteration :31
Jun 28, 2018 3:45:07 PM org.optframework.core.utils.Printer lightPrintSolutionForHBMOItr
INFO: Number of used Instances: 14
Jun 28, 2018 3:45:07 PM org.optframework.core.utils.Printer lightPrintSolutionForHBMOItr
INFO: Fitness Value: 7215.001019650261 Makespan: 7216 Total Cost: 1.0196502611901712
Jun 28, 2018 3:45:07 PM org.optframework.core.hbmo.HBMOAlgorithm runAlgorithm
INFO: =========================Iteration :32
Jun 28, 2018 3:45:11 PM org.optframework.core.utils.Printer lightPrintSolutionForHBMOItr
INFO: Number of used Instances: 14
Jun 28, 2018 3:45:11 PM org.optframework.core.utils.Printer lightPrintSolutionForHBMOItr
INFO: Fitness Value: 7215.001019650261 Makespan: 7216 Total Cost: 1.0196502611901712
Jun 28, 2018 3:45:11 PM org.optframework.core.hbmo.HBMOAlgorithm runAlgorithm
INFO: =========================Iteration :33
Jun 28, 2018 3:45:15 PM org.optframework.core.utils.Printer lightPrintSolutionForHBMOItr
INFO: Number of used Instances: 14
Jun 28, 2018 3:45:15 PM org.optframework.core.utils.Printer lightPrintSolutionForHBMOItr
INFO: Fitness Value: 7215.001019650261 Makespan: 7216 Total Cost: 1.0196502611901712
Jun 28, 2018 3:45:15 PM org.optframework.core.hbmo.HBMOAlgorithm runAlgorithm
INFO: =========================Iteration :34
Jun 28, 2018 3:45:19 PM org.optframework.core.utils.Printer lightPrintSolutionForHBMOItr
INFO: Number of used Instances: 14
Jun 28, 2018 3:45:19 PM org.optframework.core.utils.Printer lightPrintSolutionForHBMOItr
INFO: Fitness Value: 7215.001019650261 Makespan: 7216 Total Cost: 1.0196502611901712
Jun 28, 2018 3:45:19 PM org.optframework.core.hbmo.HBMOAlgorithm runAlgorithm
INFO: =========================Iteration :35
Jun 28, 2018 3:45:23 PM org.optframework.core.utils.Printer lightPrintSolutionForHBMOItr
INFO: Number of used Instances: 14
Jun 28, 2018 3:45:23 PM org.optframework.core.utils.Printer lightPrintSolutionForHBMOItr
INFO: Fitness Value: 7215.001019650261 Makespan: 7216 Total Cost: 1.0196502611901712
Jun 28, 2018 3:45:23 PM org.optframework.core.hbmo.HBMOAlgorithm runAlgorithm
INFO: =========================Iteration :36
Jun 28, 2018 3:45:27 PM org.optframework.core.utils.Printer lightPrintSolutionForHBMOItr
INFO: Number of used Instances: 14
Jun 28, 2018 3:45:27 PM org.optframework.core.utils.Printer lightPrintSolutionForHBMOItr
INFO: Fitness Value: 7215.001019650261 Makespan: 7216 Total Cost: 1.0196502611901712
Jun 28, 2018 3:45:27 PM org.optframework.core.hbmo.HBMOAlgorithm runAlgorithm
INFO: =========================Iteration :37
Jun 28, 2018 3:45:31 PM org.optframework.core.utils.Printer lightPrintSolutionForHBMOItr
INFO: Number of used Instances: 14
Jun 28, 2018 3:45:31 PM org.optframework.core.utils.Printer lightPrintSolutionForHBMOItr
INFO: Fitness Value: 7215.001019650261 Makespan: 7216 Total Cost: 1.0196502611901712
Jun 28, 2018 3:45:31 PM org.optframework.core.hbmo.HBMOAlgorithm runAlgorithm
INFO: =========================Iteration :38
Jun 28, 2018 3:45:35 PM org.optframework.core.utils.Printer lightPrintSolutionForHBMOItr
INFO: Number of used Instances: 14
Jun 28, 2018 3:45:35 PM org.optframework.core.utils.Printer lightPrintSolutionForHBMOItr
INFO: Fitness Value: 7215.001019650261 Makespan: 7216 Total Cost: 1.0196502611901712
Jun 28, 2018 3:45:35 PM org.optframework.core.hbmo.HBMOAlgorithm runAlgorithm
INFO: =========================Iteration :39
Jun 28, 2018 3:45:39 PM org.optframework.core.utils.Printer lightPrintSolutionForHBMOItr
INFO: Number of used Instances: 14
Jun 28, 2018 3:45:39 PM org.optframework.core.utils.Printer lightPrintSolutionForHBMOItr
INFO: Fitness Value: 7215.001019650261 Makespan: 7216 Total Cost: 1.0196502611901712
Jun 28, 2018 3:45:39 PM org.optframework.core.hbmo.HBMOAlgorithm runAlgorithm
INFO: =========================Iteration :40
Jun 28, 2018 3:45:43 PM org.optframework.core.utils.Printer lightPrintSolutionForHBMOItr
INFO: Number of used Instances: 14
Jun 28, 2018 3:45:43 PM org.optframework.core.utils.Printer lightPrintSolutionForHBMOItr
INFO: Fitness Value: 7215.001019650261 Makespan: 7216 Total Cost: 1.0196502611901712
Jun 28, 2018 3:45:43 PM org.optframework.core.hbmo.HBMOAlgorithm runAlgorithm
INFO: =========================Iteration :41
Jun 28, 2018 3:45:47 PM org.optframework.core.utils.Printer lightPrintSolutionForHBMOItr
INFO: Number of used Instances: 14
Jun 28, 2018 3:45:47 PM org.optframework.core.utils.Printer lightPrintSolutionForHBMOItr
INFO: Fitness Value: 7215.001019650261 Makespan: 7216 Total Cost: 1.0196502611901712
Jun 28, 2018 3:45:47 PM org.optframework.core.hbmo.HBMOAlgorithm runAlgorithm
INFO: =========================Iteration :42
Jun 28, 2018 3:45:51 PM org.optframework.core.utils.Printer lightPrintSolutionForHBMOItr
INFO: Number of used Instances: 20
Jun 28, 2018 3:45:51 PM org.optframework.core.utils.Printer lightPrintSolutionForHBMOItr
INFO: Fitness Value: 6989.00127739185 Makespan: 6990 Total Cost: 1.2773918499059829
Jun 28, 2018 3:45:51 PM org.optframework.core.hbmo.HBMOAlgorithm runAlgorithm
INFO: =========================Iteration :43
Jun 28, 2018 3:45:56 PM org.optframework.core.utils.Printer lightPrintSolutionForHBMOItr
INFO: Number of used Instances: 20
Jun 28, 2018 3:45:56 PM org.optframework.core.utils.Printer lightPrintSolutionForHBMOItr
INFO: Fitness Value: 6989.00127739185 Makespan: 6990 Total Cost: 1.2773918499059829
Jun 28, 2018 3:45:56 PM org.optframework.core.hbmo.HBMOAlgorithm runAlgorithm
INFO: =========================Iteration :44
Jun 28, 2018 3:46:01 PM org.optframework.core.utils.Printer lightPrintSolutionForHBMOItr
INFO: Number of used Instances: 20
Jun 28, 2018 3:46:01 PM org.optframework.core.utils.Printer lightPrintSolutionForHBMOItr
INFO: Fitness Value: 6989.00127739185 Makespan: 6990 Total Cost: 1.2773918499059829
Jun 28, 2018 3:46:01 PM org.optframework.core.hbmo.HBMOAlgorithm runAlgorithm
INFO: =========================Iteration :45
Jun 28, 2018 3:46:07 PM org.optframework.core.utils.Printer lightPrintSolutionForHBMOItr
INFO: Number of used Instances: 20
Jun 28, 2018 3:46:07 PM org.optframework.core.utils.Printer lightPrintSolutionForHBMOItr
INFO: Fitness Value: 6989.00127739185 Makespan: 6990 Total Cost: 1.2773918499059829
Jun 28, 2018 3:46:07 PM org.optframework.core.hbmo.HBMOAlgorithm runAlgorithm
INFO: =========================Iteration :46
Jun 28, 2018 3:46:11 PM org.optframework.core.utils.Printer lightPrintSolutionForHBMOItr
INFO: Number of used Instances: 20
Jun 28, 2018 3:46:11 PM org.optframework.core.utils.Printer lightPrintSolutionForHBMOItr
INFO: Fitness Value: 6989.00127739185 Makespan: 6990 Total Cost: 1.2773918499059829
Jun 28, 2018 3:46:11 PM org.optframework.core.hbmo.HBMOAlgorithm runAlgorithm
INFO: =========================Iteration :47
Jun 28, 2018 3:46:16 PM org.optframework.core.utils.Printer lightPrintSolutionForHBMOItr
INFO: Number of used Instances: 20
Jun 28, 2018 3:46:16 PM org.optframework.core.utils.Printer lightPrintSolutionForHBMOItr
INFO: Fitness Value: 6989.00127739185 Makespan: 6990 Total Cost: 1.2773918499059829
Jun 28, 2018 3:46:16 PM org.optframework.core.hbmo.HBMOAlgorithm runAlgorithm
INFO: =========================Iteration :48
Jun 28, 2018 3:46:21 PM org.optframework.core.utils.Printer lightPrintSolutionForHBMOItr
INFO: Number of used Instances: 20
Jun 28, 2018 3:46:21 PM org.optframework.core.utils.Printer lightPrintSolutionForHBMOItr
INFO: Fitness Value: 6989.00127739185 Makespan: 6990 Total Cost: 1.2773918499059829
Jun 28, 2018 3:46:21 PM org.optframework.core.hbmo.HBMOAlgorithm runAlgorithm
INFO: =========================Iteration :49
Jun 28, 2018 3:46:26 PM org.optframework.core.utils.Printer lightPrintSolutionForHBMOItr
INFO: Number of used Instances: 20
Jun 28, 2018 3:46:26 PM org.optframework.core.utils.Printer lightPrintSolutionForHBMOItr
INFO: Fitness Value: 6989.00127739185 Makespan: 6990 Total Cost: 1.2773918499059829
Jun 28, 2018 3:46:26 PM org.optframework.core.hbmo.HBMOAlgorithm runAlgorithm
INFO: =========================Iteration :50
Jun 28, 2018 3:46:31 PM org.optframework.core.utils.Printer lightPrintSolutionForHBMOItr
INFO: Number of used Instances: 20
Jun 28, 2018 3:46:31 PM org.optframework.core.utils.Printer lightPrintSolutionForHBMOItr
INFO: Fitness Value: 6989.00127739185 Makespan: 6990 Total Cost: 1.2773918499059829
Jun 28, 2018 3:46:31 PM org.optframework.core.hbmo.HBMOAlgorithm runAlgorithm
INFO: =========================Iteration :51
Jun 28, 2018 3:46:36 PM org.optframework.core.utils.Printer lightPrintSolutionForHBMOItr
INFO: Number of used Instances: 20
Jun 28, 2018 3:46:36 PM org.optframework.core.utils.Printer lightPrintSolutionForHBMOItr
INFO: Fitness Value: 6989.00127739185 Makespan: 6990 Total Cost: 1.2773918499059829
Jun 28, 2018 3:46:36 PM org.optframework.core.hbmo.HBMOAlgorithm runAlgorithm
INFO: =========================Iteration :52
Jun 28, 2018 3:46:41 PM org.optframework.core.utils.Printer lightPrintSolutionForHBMOItr
INFO: Number of used Instances: 20
Jun 28, 2018 3:46:41 PM org.optframework.core.utils.Printer lightPrintSolutionForHBMOItr
INFO: Fitness Value: 6989.00127739185 Makespan: 6990 Total Cost: 1.2773918499059829
Jun 28, 2018 3:46:41 PM org.optframework.core.hbmo.HBMOAlgorithm runAlgorithm
INFO: =========================Iteration :53
Jun 28, 2018 3:46:46 PM org.optframework.core.utils.Printer lightPrintSolutionForHBMOItr
INFO: Number of used Instances: 20
Jun 28, 2018 3:46:46 PM org.optframework.core.utils.Printer lightPrintSolutionForHBMOItr
INFO: Fitness Value: 6989.00127739185 Makespan: 6990 Total Cost: 1.2773918499059829
Jun 28, 2018 3:46:46 PM org.optframework.core.hbmo.HBMOAlgorithm runAlgorithm
INFO: =========================Iteration :54
Jun 28, 2018 3:46:51 PM org.optframework.core.utils.Printer lightPrintSolutionForHBMOItr
INFO: Number of used Instances: 20
Jun 28, 2018 3:46:51 PM org.optframework.core.utils.Printer lightPrintSolutionForHBMOItr
INFO: Fitness Value: 6989.00127739185 Makespan: 6990 Total Cost: 1.2773918499059829
Jun 28, 2018 3:46:51 PM org.optframework.core.hbmo.HBMOAlgorithm runAlgorithm
INFO: =========================Iteration :55
Jun 28, 2018 3:46:56 PM org.optframework.core.utils.Printer lightPrintSolutionForHBMOItr
INFO: Number of used Instances: 20
Jun 28, 2018 3:46:56 PM org.optframework.core.utils.Printer lightPrintSolutionForHBMOItr
INFO: Fitness Value: 6989.00127739185 Makespan: 6990 Total Cost: 1.2773918499059829
Jun 28, 2018 3:46:56 PM org.optframework.core.hbmo.HBMOAlgorithm runAlgorithm
INFO: =========================Iteration :56
Jun 28, 2018 3:47:02 PM org.optframework.core.utils.Printer lightPrintSolutionForHBMOItr
INFO: Number of used Instances: 20
Jun 28, 2018 3:47:02 PM org.optframework.core.utils.Printer lightPrintSolutionForHBMOItr
INFO: Fitness Value: 6989.00127739185 Makespan: 6990 Total Cost: 1.2773918499059829
Jun 28, 2018 3:47:02 PM org.optframework.core.hbmo.HBMOAlgorithm runAlgorithm
INFO: =========================Iteration :57
Jun 28, 2018 3:47:07 PM org.optframework.core.utils.Printer lightPrintSolutionForHBMOItr
INFO: Number of used Instances: 20
Jun 28, 2018 3:47:07 PM org.optframework.core.utils.Printer lightPrintSolutionForHBMOItr
INFO: Fitness Value: 6989.00127739185 Makespan: 6990 Total Cost: 1.2773918499059829
Jun 28, 2018 3:47:07 PM org.optframework.core.hbmo.HBMOAlgorithm runAlgorithm
INFO: =========================Iteration :58
Jun 28, 2018 3:47:12 PM org.optframework.core.utils.Printer lightPrintSolutionForHBMOItr
INFO: Number of used Instances: 20
Jun 28, 2018 3:47:12 PM org.optframework.core.utils.Printer lightPrintSolutionForHBMOItr
INFO: Fitness Value: 6989.00127739185 Makespan: 6990 Total Cost: 1.2773918499059829
Jun 28, 2018 3:47:12 PM org.optframework.core.hbmo.HBMOAlgorithm runAlgorithm
INFO: =========================Iteration :59
Jun 28, 2018 3:47:17 PM org.optframework.core.utils.Printer lightPrintSolutionForHBMOItr
INFO: Number of used Instances: 20
Jun 28, 2018 3:47:17 PM org.optframework.core.utils.Printer lightPrintSolutionForHBMOItr
INFO: Fitness Value: 6989.00127739185 Makespan: 6990 Total Cost: 1.2773918499059829
Jun 28, 2018 3:47:17 PM org.optframework.core.hbmo.HBMOAlgorithm runAlgorithm
INFO: =========================Iteration :60
Jun 28, 2018 3:47:22 PM org.optframework.core.utils.Printer lightPrintSolutionForHBMOItr
INFO: Number of used Instances: 20
Jun 28, 2018 3:47:22 PM org.optframework.core.utils.Printer lightPrintSolutionForHBMOItr
INFO: Fitness Value: 6989.00127739185 Makespan: 6990 Total Cost: 1.2773918499059829
Jun 28, 2018 3:47:22 PM org.optframework.core.hbmo.HBMOAlgorithm runAlgorithm
INFO: =========================Iteration :61
Jun 28, 2018 3:47:28 PM org.optframework.core.utils.Printer lightPrintSolutionForHBMOItr
INFO: Number of used Instances: 20
Jun 28, 2018 3:47:28 PM org.optframework.core.utils.Printer lightPrintSolutionForHBMOItr
INFO: Fitness Value: 6989.00127739185 Makespan: 6990 Total Cost: 1.2773918499059829
Jun 28, 2018 3:47:28 PM org.optframework.core.hbmo.HBMOAlgorithm runAlgorithm
INFO: =========================Iteration :62
Jun 28, 2018 3:47:33 PM org.optframework.core.utils.Printer lightPrintSolutionForHBMOItr
INFO: Number of used Instances: 20
Jun 28, 2018 3:47:33 PM org.optframework.core.utils.Printer lightPrintSolutionForHBMOItr
INFO: Fitness Value: 6989.00127739185 Makespan: 6990 Total Cost: 1.2773918499059829
Jun 28, 2018 3:47:33 PM org.optframework.core.hbmo.HBMOAlgorithm runAlgorithm
INFO: =========================Iteration :63
Jun 28, 2018 3:47:39 PM org.optframework.core.utils.Printer lightPrintSolutionForHBMOItr
INFO: Number of used Instances: 20
Jun 28, 2018 3:47:39 PM org.optframework.core.utils.Printer lightPrintSolutionForHBMOItr
INFO: Fitness Value: 6989.00127739185 Makespan: 6990 Total Cost: 1.2773918499059829
Jun 28, 2018 3:47:39 PM org.optframework.core.hbmo.HBMOAlgorithm runAlgorithm
INFO: =========================Iteration :64
Jun 28, 2018 3:47:44 PM org.optframework.core.utils.Printer lightPrintSolutionForHBMOItr
INFO: Number of used Instances: 20
Jun 28, 2018 3:47:44 PM org.optframework.core.utils.Printer lightPrintSolutionForHBMOItr
INFO: Fitness Value: 6989.00127739185 Makespan: 6990 Total Cost: 1.2773918499059829
Jun 28, 2018 3:47:44 PM org.optframework.core.hbmo.HBMOAlgorithm runAlgorithm
INFO: =========================Iteration :65
Jun 28, 2018 3:47:49 PM org.optframework.core.utils.Printer lightPrintSolutionForHBMOItr
INFO: Number of used Instances: 20
Jun 28, 2018 3:47:49 PM org.optframework.core.utils.Printer lightPrintSolutionForHBMOItr
INFO: Fitness Value: 6989.00127739185 Makespan: 6990 Total Cost: 1.2773918499059829
Jun 28, 2018 3:47:49 PM org.optframework.core.hbmo.HBMOAlgorithm runAlgorithm
INFO: =========================Iteration :66
Jun 28, 2018 3:47:54 PM org.optframework.core.utils.Printer lightPrintSolutionForHBMOItr
INFO: Number of used Instances: 20
Jun 28, 2018 3:47:54 PM org.optframework.core.utils.Printer lightPrintSolutionForHBMOItr
INFO: Fitness Value: 6989.00127739185 Makespan: 6990 Total Cost: 1.2773918499059829
Jun 28, 2018 3:47:54 PM org.optframework.core.hbmo.HBMOAlgorithm runAlgorithm
INFO: =========================Iteration :67
Jun 28, 2018 3:48:01 PM org.optframework.core.utils.Printer lightPrintSolutionForHBMOItr
INFO: Number of used Instances: 20
Jun 28, 2018 3:48:01 PM org.optframework.core.utils.Printer lightPrintSolutionForHBMOItr
INFO: Fitness Value: 6989.00127739185 Makespan: 6990 Total Cost: 1.2773918499059829
Jun 28, 2018 3:48:01 PM org.optframework.core.hbmo.HBMOAlgorithm runAlgorithm
INFO: =========================Iteration :68
Jun 28, 2018 3:48:07 PM org.optframework.core.utils.Printer lightPrintSolutionForHBMOItr
INFO: Number of used Instances: 20
Jun 28, 2018 3:48:07 PM org.optframework.core.utils.Printer lightPrintSolutionForHBMOItr
INFO: Fitness Value: 6989.00127739185 Makespan: 6990 Total Cost: 1.2773918499059829
Jun 28, 2018 3:48:07 PM org.optframework.core.hbmo.HBMOAlgorithm runAlgorithm
INFO: =========================Iteration :69
Jun 28, 2018 3:48:12 PM org.optframework.core.utils.Printer lightPrintSolutionForHBMOItr
INFO: Number of used Instances: 20
Jun 28, 2018 3:48:12 PM org.optframework.core.utils.Printer lightPrintSolutionForHBMOItr
INFO: Fitness Value: 6989.00127739185 Makespan: 6990 Total Cost: 1.2773918499059829
Jun 28, 2018 3:48:12 PM org.optframework.core.hbmo.HBMOAlgorithm runAlgorithm
INFO: =========================Iteration :70
Jun 28, 2018 3:48:18 PM org.optframework.core.utils.Printer lightPrintSolutionForHBMOItr
INFO: Number of used Instances: 20
Jun 28, 2018 3:48:18 PM org.optframework.core.utils.Printer lightPrintSolutionForHBMOItr
INFO: Fitness Value: 6989.00127739185 Makespan: 6990 Total Cost: 1.2773918499059829
Jun 28, 2018 3:48:18 PM org.optframework.core.hbmo.HBMOAlgorithm runAlgorithm
INFO: =========================Iteration :71
Jun 28, 2018 3:48:24 PM org.optframework.core.utils.Printer lightPrintSolutionForHBMOItr
INFO: Number of used Instances: 20
Jun 28, 2018 3:48:24 PM org.optframework.core.utils.Printer lightPrintSolutionForHBMOItr
INFO: Fitness Value: 6989.00127739185 Makespan: 6990 Total Cost: 1.2773918499059829
Jun 28, 2018 3:48:24 PM org.optframework.core.hbmo.HBMOAlgorithm runAlgorithm
INFO: =========================Iteration :72
Jun 28, 2018 3:48:29 PM org.optframework.core.utils.Printer lightPrintSolutionForHBMOItr
INFO: Number of used Instances: 20
Jun 28, 2018 3:48:29 PM org.optframework.core.utils.Printer lightPrintSolutionForHBMOItr
INFO: Fitness Value: 6989.00127739185 Makespan: 6990 Total Cost: 1.2773918499059829
Jun 28, 2018 3:48:29 PM org.optframework.core.hbmo.HBMOAlgorithm runAlgorithm
INFO: =========================Iteration :73
Jun 28, 2018 3:48:34 PM org.optframework.core.utils.Printer lightPrintSolutionForHBMOItr
INFO: Number of used Instances: 20
Jun 28, 2018 3:48:34 PM org.optframework.core.utils.Printer lightPrintSolutionForHBMOItr
INFO: Fitness Value: 6989.00127739185 Makespan: 6990 Total Cost: 1.2773918499059829
Jun 28, 2018 3:48:34 PM org.optframework.core.hbmo.HBMOAlgorithm runAlgorithm
INFO: =========================Iteration :74
Jun 28, 2018 3:48:39 PM org.optframework.core.utils.Printer lightPrintSolutionForHBMOItr
INFO: Number of used Instances: 20
Jun 28, 2018 3:48:39 PM org.optframework.core.utils.Printer lightPrintSolutionForHBMOItr
INFO: Fitness Value: 6989.00127739185 Makespan: 6990 Total Cost: 1.2773918499059829
Jun 28, 2018 3:48:39 PM org.optframework.core.hbmo.HBMOAlgorithm runAlgorithm
INFO: =========================Iteration :75
Jun 28, 2018 3:48:44 PM org.optframework.core.utils.Printer lightPrintSolutionForHBMOItr
INFO: Number of used Instances: 20
Jun 28, 2018 3:48:44 PM org.optframework.core.utils.Printer lightPrintSolutionForHBMOItr
INFO: Fitness Value: 6989.00127739185 Makespan: 6990 Total Cost: 1.2773918499059829
Jun 28, 2018 3:48:44 PM org.optframework.core.hbmo.HBMOAlgorithm runAlgorithm
INFO: =========================Iteration :76
Jun 28, 2018 3:48:49 PM org.optframework.core.utils.Printer lightPrintSolutionForHBMOItr
INFO: Number of used Instances: 20
Jun 28, 2018 3:48:49 PM org.optframework.core.utils.Printer lightPrintSolutionForHBMOItr
INFO: Fitness Value: 6989.00127739185 Makespan: 6990 Total Cost: 1.2773918499059829
Jun 28, 2018 3:48:49 PM org.optframework.core.hbmo.HBMOAlgorithm runAlgorithm
INFO: =========================Iteration :77
Jun 28, 2018 3:48:55 PM org.optframework.core.utils.Printer lightPrintSolutionForHBMOItr
INFO: Number of used Instances: 20
Jun 28, 2018 3:48:55 PM org.optframework.core.utils.Printer lightPrintSolutionForHBMOItr
INFO: Fitness Value: 6989.00127739185 Makespan: 6990 Total Cost: 1.2773918499059829
Jun 28, 2018 3:48:55 PM org.optframework.core.hbmo.HBMOAlgorithm runAlgorithm
INFO: =========================Iteration :78
Jun 28, 2018 3:48:59 PM org.optframework.core.utils.Printer lightPrintSolutionForHBMOItr
INFO: Number of used Instances: 20
Jun 28, 2018 3:48:59 PM org.optframework.core.utils.Printer lightPrintSolutionForHBMOItr
INFO: Fitness Value: 6989.00127739185 Makespan: 6990 Total Cost: 1.2773918499059829
Jun 28, 2018 3:48:59 PM org.optframework.core.hbmo.HBMOAlgorithm runAlgorithm
INFO: =========================Iteration :79
Jun 28, 2018 3:49:04 PM org.optframework.core.utils.Printer lightPrintSolutionForHBMOItr
INFO: Number of used Instances: 20
Jun 28, 2018 3:49:04 PM org.optframework.core.utils.Printer lightPrintSolutionForHBMOItr
INFO: Fitness Value: 6989.00127739185 Makespan: 6990 Total Cost: 1.2773918499059829
Jun 28, 2018 3:49:04 PM org.optframework.core.hbmo.HBMOAlgorithm runAlgorithm
INFO: =========================Iteration :80
Jun 28, 2018 3:49:09 PM org.optframework.core.utils.Printer lightPrintSolutionForHBMOItr
INFO: Number of used Instances: 20
Jun 28, 2018 3:49:09 PM org.optframework.core.utils.Printer lightPrintSolutionForHBMOItr
INFO: Fitness Value: 6989.00127739185 Makespan: 6990 Total Cost: 1.2773918499059829
Jun 28, 2018 3:49:09 PM org.optframework.core.hbmo.HBMOAlgorithm runAlgorithm
INFO: =========================Iteration :81
Jun 28, 2018 3:49:14 PM org.optframework.core.utils.Printer lightPrintSolutionForHBMOItr
INFO: Number of used Instances: 20
Jun 28, 2018 3:49:14 PM org.optframework.core.utils.Printer lightPrintSolutionForHBMOItr
INFO: Fitness Value: 6989.00127739185 Makespan: 6990 Total Cost: 1.2773918499059829
Jun 28, 2018 3:49:14 PM org.optframework.core.hbmo.HBMOAlgorithm runAlgorithm
INFO: =========================Iteration :82
Jun 28, 2018 3:49:19 PM org.optframework.core.utils.Printer lightPrintSolutionForHBMOItr
INFO: Number of used Instances: 20
Jun 28, 2018 3:49:19 PM org.optframework.core.utils.Printer lightPrintSolutionForHBMOItr
INFO: Fitness Value: 6989.00127739185 Makespan: 6990 Total Cost: 1.2773918499059829
Jun 28, 2018 3:49:19 PM org.optframework.core.hbmo.HBMOAlgorithm runAlgorithm
INFO: =========================Iteration :83
Jun 28, 2018 3:49:24 PM org.optframework.core.utils.Printer lightPrintSolutionForHBMOItr
INFO: Number of used Instances: 20
Jun 28, 2018 3:49:24 PM org.optframework.core.utils.Printer lightPrintSolutionForHBMOItr
INFO: Fitness Value: 6989.00127739185 Makespan: 6990 Total Cost: 1.2773918499059829
Jun 28, 2018 3:49:24 PM org.optframework.core.hbmo.HBMOAlgorithm runAlgorithm
INFO: =========================Iteration :84
Jun 28, 2018 3:49:29 PM org.optframework.core.utils.Printer lightPrintSolutionForHBMOItr
INFO: Number of used Instances: 20
Jun 28, 2018 3:49:29 PM org.optframework.core.utils.Printer lightPrintSolutionForHBMOItr
INFO: Fitness Value: 6989.00127739185 Makespan: 6990 Total Cost: 1.2773918499059829
Jun 28, 2018 3:49:29 PM org.optframework.core.hbmo.HBMOAlgorithm runAlgorithm
INFO: =========================Iteration :85
Jun 28, 2018 3:49:35 PM org.optframework.core.utils.Printer lightPrintSolutionForHBMOItr
INFO: Number of used Instances: 20
Jun 28, 2018 3:49:35 PM org.optframework.core.utils.Printer lightPrintSolutionForHBMOItr
INFO: Fitness Value: 6989.00127739185 Makespan: 6990 Total Cost: 1.2773918499059829
Jun 28, 2018 3:49:35 PM org.optframework.core.hbmo.HBMOAlgorithm runAlgorithm
INFO: =========================Iteration :86
Jun 28, 2018 3:49:40 PM org.optframework.core.utils.Printer lightPrintSolutionForHBMOItr
INFO: Number of used Instances: 20
Jun 28, 2018 3:49:40 PM org.optframework.core.utils.Printer lightPrintSolutionForHBMOItr
INFO: Fitness Value: 6989.00127739185 Makespan: 6990 Total Cost: 1.2773918499059829
Jun 28, 2018 3:49:40 PM org.optframework.core.hbmo.HBMOAlgorithm runAlgorithm
INFO: =========================Iteration :87
Jun 28, 2018 3:49:45 PM org.optframework.core.utils.Printer lightPrintSolutionForHBMOItr
INFO: Number of used Instances: 20
Jun 28, 2018 3:49:45 PM org.optframework.core.utils.Printer lightPrintSolutionForHBMOItr
INFO: Fitness Value: 6989.00127739185 Makespan: 6990 Total Cost: 1.2773918499059829
Jun 28, 2018 3:49:45 PM org.optframework.core.hbmo.HBMOAlgorithm runAlgorithm
INFO: =========================Iteration :88
Jun 28, 2018 3:49:50 PM org.optframework.core.utils.Printer lightPrintSolutionForHBMOItr
INFO: Number of used Instances: 20
Jun 28, 2018 3:49:50 PM org.optframework.core.utils.Printer lightPrintSolutionForHBMOItr
INFO: Fitness Value: 6989.00127739185 Makespan: 6990 Total Cost: 1.2773918499059829
Jun 28, 2018 3:49:50 PM org.optframework.core.hbmo.HBMOAlgorithm runAlgorithm
INFO: =========================Iteration :89
Jun 28, 2018 3:49:55 PM org.optframework.core.utils.Printer lightPrintSolutionForHBMOItr
INFO: Number of used Instances: 20
Jun 28, 2018 3:49:55 PM org.optframework.core.utils.Printer lightPrintSolutionForHBMOItr
INFO: Fitness Value: 6989.00127739185 Makespan: 6990 Total Cost: 1.2773918499059829
Jun 28, 2018 3:49:55 PM org.optframework.core.hbmo.HBMOAlgorithm runAlgorithm
INFO: =========================Iteration :90
Jun 28, 2018 3:50:00 PM org.optframework.core.utils.Printer lightPrintSolutionForHBMOItr
INFO: Number of used Instances: 20
Jun 28, 2018 3:50:00 PM org.optframework.core.utils.Printer lightPrintSolutionForHBMOItr
INFO: Fitness Value: 6989.00127739185 Makespan: 6990 Total Cost: 1.2773918499059829
Jun 28, 2018 3:50:00 PM org.optframework.core.hbmo.HBMOAlgorithm runAlgorithm
INFO: =========================Iteration :91
Jun 28, 2018 3:50:05 PM org.optframework.core.utils.Printer lightPrintSolutionForHBMOItr
INFO: Number of used Instances: 20
Jun 28, 2018 3:50:05 PM org.optframework.core.utils.Printer lightPrintSolutionForHBMOItr
INFO: Fitness Value: 6989.00127739185 Makespan: 6990 Total Cost: 1.2773918499059829
Jun 28, 2018 3:50:05 PM org.optframework.core.hbmo.HBMOAlgorithm runAlgorithm
INFO: =========================Iteration :92
Jun 28, 2018 3:50:10 PM org.optframework.core.utils.Printer lightPrintSolutionForHBMOItr
INFO: Number of used Instances: 20
Jun 28, 2018 3:50:10 PM org.optframework.core.utils.Printer lightPrintSolutionForHBMOItr
INFO: Fitness Value: 6989.00127739185 Makespan: 6990 Total Cost: 1.2773918499059829
Jun 28, 2018 3:50:10 PM org.optframework.core.hbmo.HBMOAlgorithm runAlgorithm
INFO: =========================Iteration :93
Jun 28, 2018 3:50:14 PM org.optframework.core.utils.Printer lightPrintSolutionForHBMOItr
INFO: Number of used Instances: 20
Jun 28, 2018 3:50:14 PM org.optframework.core.utils.Printer lightPrintSolutionForHBMOItr
INFO: Fitness Value: 6989.00127739185 Makespan: 6990 Total Cost: 1.2773918499059829
Jun 28, 2018 3:50:14 PM org.optframework.core.hbmo.HBMOAlgorithm runAlgorithm
INFO: =========================Iteration :94
Jun 28, 2018 3:50:19 PM org.optframework.core.utils.Printer lightPrintSolutionForHBMOItr
INFO: Number of used Instances: 20
Jun 28, 2018 3:50:19 PM org.optframework.core.utils.Printer lightPrintSolutionForHBMOItr
INFO: Fitness Value: 6989.00127739185 Makespan: 6990 Total Cost: 1.2773918499059829
Jun 28, 2018 3:50:19 PM org.optframework.core.hbmo.HBMOAlgorithm runAlgorithm
INFO: =========================Iteration :95
Jun 28, 2018 3:50:24 PM org.optframework.core.utils.Printer lightPrintSolutionForHBMOItr
INFO: Number of used Instances: 20
Jun 28, 2018 3:50:24 PM org.optframework.core.utils.Printer lightPrintSolutionForHBMOItr
INFO: Fitness Value: 6989.00127739185 Makespan: 6990 Total Cost: 1.2773918499059829
Jun 28, 2018 3:50:24 PM org.optframework.core.hbmo.HBMOAlgorithm runAlgorithm
INFO: =========================Iteration :96
Jun 28, 2018 3:50:29 PM org.optframework.core.utils.Printer lightPrintSolutionForHBMOItr
INFO: Number of used Instances: 20
Jun 28, 2018 3:50:29 PM org.optframework.core.utils.Printer lightPrintSolutionForHBMOItr
INFO: Fitness Value: 6989.00127739185 Makespan: 6990 Total Cost: 1.2773918499059829
Jun 28, 2018 3:50:29 PM org.optframework.core.hbmo.HBMOAlgorithm runAlgorithm
INFO: =========================Iteration :97
Jun 28, 2018 3:50:34 PM org.optframework.core.utils.Printer lightPrintSolutionForHBMOItr
INFO: Number of used Instances: 20
Jun 28, 2018 3:50:34 PM org.optframework.core.utils.Printer lightPrintSolutionForHBMOItr
INFO: Fitness Value: 6989.00127739185 Makespan: 6990 Total Cost: 1.2773918499059829
Jun 28, 2018 3:50:34 PM org.optframework.core.hbmo.HBMOAlgorithm runAlgorithm
INFO: =========================Iteration :98
Jun 28, 2018 3:50:39 PM org.optframework.core.utils.Printer lightPrintSolutionForHBMOItr
INFO: Number of used Instances: 20
Jun 28, 2018 3:50:39 PM org.optframework.core.utils.Printer lightPrintSolutionForHBMOItr
INFO: Fitness Value: 6989.00127739185 Makespan: 6990 Total Cost: 1.2773918499059829
Jun 28, 2018 3:50:39 PM org.optframework.core.hbmo.HBMOAlgorithm runAlgorithm
INFO: =========================Iteration :99
Jun 28, 2018 3:50:44 PM org.optframework.core.utils.Printer lightPrintSolutionForHBMOItr
INFO: Number of used Instances: 20
Jun 28, 2018 3:50:44 PM org.optframework.core.utils.Printer lightPrintSolutionForHBMOItr
INFO: Fitness Value: 6989.00127739185 Makespan: 6990 Total Cost: 1.2773918499059829
Jun 28, 2018 3:50:44 PM org.optframework.core.hbmo.HBMOAlgorithm runAlgorithm
INFO: =========================Iteration :100
Jun 28, 2018 3:50:49 PM org.optframework.core.utils.Printer lightPrintSolutionForHBMOItr
INFO: Number of used Instances: 20
Jun 28, 2018 3:50:49 PM org.optframework.core.utils.Printer lightPrintSolutionForHBMOItr
INFO: Fitness Value: 6989.00127739185 Makespan: 6990 Total Cost: 1.2773918499059829
Jun 28, 2018 3:50:49 PM org.optframework.core.hbmo.HBMOAlgorithm runAlgorithm
INFO: =========================Iteration :101
Jun 28, 2018 3:50:54 PM org.optframework.core.utils.Printer lightPrintSolutionForHBMOItr
INFO: Number of used Instances: 20
Jun 28, 2018 3:50:54 PM org.optframework.core.utils.Printer lightPrintSolutionForHBMOItr
INFO: Fitness Value: 6989.00127739185 Makespan: 6990 Total Cost: 1.2773918499059829
Jun 28, 2018 3:50:54 PM org.optframework.core.hbmo.HBMOAlgorithm runAlgorithm
INFO: =========================Iteration :102
Jun 28, 2018 3:50:59 PM org.optframework.core.utils.Printer lightPrintSolutionForHBMOItr
INFO: Number of used Instances: 20
Jun 28, 2018 3:50:59 PM org.optframework.core.utils.Printer lightPrintSolutionForHBMOItr
INFO: Fitness Value: 6989.00127739185 Makespan: 6990 Total Cost: 1.2773918499059829
Jun 28, 2018 3:50:59 PM org.optframework.core.hbmo.HBMOAlgorithm runAlgorithm
INFO: =========================Iteration :103
Jun 28, 2018 3:51:05 PM org.optframework.core.utils.Printer lightPrintSolutionForHBMOItr
INFO: Number of used Instances: 20
Jun 28, 2018 3:51:05 PM org.optframework.core.utils.Printer lightPrintSolutionForHBMOItr
INFO: Fitness Value: 6989.00127739185 Makespan: 6990 Total Cost: 1.2773918499059829
Jun 28, 2018 3:51:05 PM org.optframework.core.hbmo.HBMOAlgorithm runAlgorithm
INFO: =========================Iteration :104
Jun 28, 2018 3:51:10 PM org.optframework.core.utils.Printer lightPrintSolutionForHBMOItr
INFO: Number of used Instances: 20
Jun 28, 2018 3:51:10 PM org.optframework.core.utils.Printer lightPrintSolutionForHBMOItr
INFO: Fitness Value: 6989.00127739185 Makespan: 6990 Total Cost: 1.2773918499059829
Jun 28, 2018 3:51:10 PM org.optframework.core.hbmo.HBMOAlgorithm runAlgorithm
INFO: =========================Iteration :105
Jun 28, 2018 3:51:15 PM org.optframework.core.utils.Printer lightPrintSolutionForHBMOItr
INFO: Number of used Instances: 20
Jun 28, 2018 3:51:15 PM org.optframework.core.utils.Printer lightPrintSolutionForHBMOItr
INFO: Fitness Value: 6989.00127739185 Makespan: 6990 Total Cost: 1.2773918499059829
Jun 28, 2018 3:51:15 PM org.optframework.core.hbmo.HBMOAlgorithm runAlgorithm
INFO: =========================Iteration :106
Jun 28, 2018 3:51:20 PM org.optframework.core.utils.Printer lightPrintSolutionForHBMOItr
INFO: Number of used Instances: 20
Jun 28, 2018 3:51:20 PM org.optframework.core.utils.Printer lightPrintSolutionForHBMOItr
INFO: Fitness Value: 6989.00127739185 Makespan: 6990 Total Cost: 1.2773918499059829
Jun 28, 2018 3:51:20 PM org.optframework.core.hbmo.HBMOAlgorithm runAlgorithm
INFO: =========================Iteration :107
Jun 28, 2018 3:51:25 PM org.optframework.core.utils.Printer lightPrintSolutionForHBMOItr
INFO: Number of used Instances: 20
Jun 28, 2018 3:51:25 PM org.optframework.core.utils.Printer lightPrintSolutionForHBMOItr
INFO: Fitness Value: 6989.00127739185 Makespan: 6990 Total Cost: 1.2773918499059829
Jun 28, 2018 3:51:25 PM org.optframework.core.hbmo.HBMOAlgorithm runAlgorithm
INFO: =========================Iteration :108
Jun 28, 2018 3:51:30 PM org.optframework.core.utils.Printer lightPrintSolutionForHBMOItr
INFO: Number of used Instances: 20
Jun 28, 2018 3:51:30 PM org.optframework.core.utils.Printer lightPrintSolutionForHBMOItr
INFO: Fitness Value: 6989.00127739185 Makespan: 6990 Total Cost: 1.2773918499059829
Jun 28, 2018 3:51:30 PM org.optframework.core.hbmo.HBMOAlgorithm runAlgorithm
INFO: =========================Iteration :109
Jun 28, 2018 3:51:35 PM org.optframework.core.utils.Printer lightPrintSolutionForHBMOItr
INFO: Number of used Instances: 20
Jun 28, 2018 3:51:35 PM org.optframework.core.utils.Printer lightPrintSolutionForHBMOItr
INFO: Fitness Value: 6989.00127739185 Makespan: 6990 Total Cost: 1.2773918499059829
Jun 28, 2018 3:51:35 PM org.optframework.core.hbmo.HBMOAlgorithm runAlgorithm
INFO: =========================Iteration :110
Jun 28, 2018 3:51:40 PM org.optframework.core.utils.Printer lightPrintSolutionForHBMOItr
INFO: Number of used Instances: 20
Jun 28, 2018 3:51:40 PM org.optframework.core.utils.Printer lightPrintSolutionForHBMOItr
INFO: Fitness Value: 6989.00127739185 Makespan: 6990 Total Cost: 1.2773918499059829
Jun 28, 2018 3:51:40 PM org.optframework.core.hbmo.HBMOAlgorithm runAlgorithm
INFO: =========================Iteration :111
Jun 28, 2018 3:51:45 PM org.optframework.core.utils.Printer lightPrintSolutionForHBMOItr
INFO: Number of used Instances: 20
Jun 28, 2018 3:51:45 PM org.optframework.core.utils.Printer lightPrintSolutionForHBMOItr
INFO: Fitness Value: 6989.00127739185 Makespan: 6990 Total Cost: 1.2773918499059829
Jun 28, 2018 3:51:45 PM org.optframework.core.hbmo.HBMOAlgorithm runAlgorithm
INFO: =========================Iteration :112
Jun 28, 2018 3:51:50 PM org.optframework.core.utils.Printer lightPrintSolutionForHBMOItr
INFO: Number of used Instances: 20
Jun 28, 2018 3:51:50 PM org.optframework.core.utils.Printer lightPrintSolutionForHBMOItr
INFO: Fitness Value: 6989.00127739185 Makespan: 6990 Total Cost: 1.2773918499059829
Jun 28, 2018 3:51:50 PM org.optframework.core.hbmo.HBMOAlgorithm runAlgorithm
INFO: =========================Iteration :113
Jun 28, 2018 3:51:55 PM org.optframework.core.utils.Printer lightPrintSolutionForHBMOItr
INFO: Number of used Instances: 20
Jun 28, 2018 3:51:55 PM org.optframework.core.utils.Printer lightPrintSolutionForHBMOItr
INFO: Fitness Value: 6989.00127739185 Makespan: 6990 Total Cost: 1.2773918499059829
Jun 28, 2018 3:51:55 PM org.optframework.core.hbmo.HBMOAlgorithm runAlgorithm
INFO: =========================Iteration :114
Jun 28, 2018 3:52:00 PM org.optframework.core.utils.Printer lightPrintSolutionForHBMOItr
INFO: Number of used Instances: 20
Jun 28, 2018 3:52:00 PM org.optframework.core.utils.Printer lightPrintSolutionForHBMOItr
INFO: Fitness Value: 6989.00127739185 Makespan: 6990 Total Cost: 1.2773918499059829
Jun 28, 2018 3:52:00 PM org.optframework.core.hbmo.HBMOAlgorithm runAlgorithm
INFO: =========================Iteration :115
Jun 28, 2018 3:52:04 PM org.optframework.core.utils.Printer lightPrintSolutionForHBMOItr
INFO: Number of used Instances: 20
Jun 28, 2018 3:52:04 PM org.optframework.core.utils.Printer lightPrintSolutionForHBMOItr
INFO: Fitness Value: 6989.00127739185 Makespan: 6990 Total Cost: 1.2773918499059829
Jun 28, 2018 3:52:04 PM org.optframework.core.hbmo.HBMOAlgorithm runAlgorithm
INFO: =========================Iteration :116
Jun 28, 2018 3:52:09 PM org.optframework.core.utils.Printer lightPrintSolutionForHBMOItr
INFO: Number of used Instances: 20
Jun 28, 2018 3:52:09 PM org.optframework.core.utils.Printer lightPrintSolutionForHBMOItr
INFO: Fitness Value: 6989.00127739185 Makespan: 6990 Total Cost: 1.2773918499059829
Jun 28, 2018 3:52:09 PM org.optframework.core.hbmo.HBMOAlgorithm runAlgorithm
INFO: =========================Iteration :117
Jun 28, 2018 3:52:15 PM org.optframework.core.utils.Printer lightPrintSolutionForHBMOItr
INFO: Number of used Instances: 20
Jun 28, 2018 3:52:15 PM org.optframework.core.utils.Printer lightPrintSolutionForHBMOItr
INFO: Fitness Value: 6989.00127739185 Makespan: 6990 Total Cost: 1.2773918499059829
Jun 28, 2018 3:52:15 PM org.optframework.core.hbmo.HBMOAlgorithm runAlgorithm
INFO: =========================Iteration :118
Jun 28, 2018 3:52:20 PM org.optframework.core.utils.Printer lightPrintSolutionForHBMOItr
INFO: Number of used Instances: 20
Jun 28, 2018 3:52:20 PM org.optframework.core.utils.Printer lightPrintSolutionForHBMOItr
INFO: Fitness Value: 6989.00127739185 Makespan: 6990 Total Cost: 1.2773918499059829
Jun 28, 2018 3:52:20 PM org.optframework.core.hbmo.HBMOAlgorithm runAlgorithm
INFO: =========================Iteration :119
Jun 28, 2018 3:52:25 PM org.optframework.core.utils.Printer lightPrintSolutionForHBMOItr
INFO: Number of used Instances: 20
Jun 28, 2018 3:52:25 PM org.optframework.core.utils.Printer lightPrintSolutionForHBMOItr
INFO: Fitness Value: 6989.00127739185 Makespan: 6990 Total Cost: 1.2773918499059829
Jun 28, 2018 3:52:25 PM org.optframework.core.hbmo.HBMOAlgorithm runAlgorithm
INFO: =========================Iteration :120
Jun 28, 2018 3:52:29 PM org.optframework.core.utils.Printer lightPrintSolutionForHBMOItr
INFO: Number of used Instances: 20
Jun 28, 2018 3:52:29 PM org.optframework.core.utils.Printer lightPrintSolutionForHBMOItr
INFO: Fitness Value: 6989.00127739185 Makespan: 6990 Total Cost: 1.2773918499059829
Jun 28, 2018 3:52:29 PM org.optframework.core.hbmo.HBMOAlgorithm runAlgorithm
INFO: =========================Iteration :121
Jun 28, 2018 3:52:34 PM org.optframework.core.utils.Printer lightPrintSolutionForHBMOItr
INFO: Number of used Instances: 20
Jun 28, 2018 3:52:34 PM org.optframework.core.utils.Printer lightPrintSolutionForHBMOItr
INFO: Fitness Value: 6989.00127739185 Makespan: 6990 Total Cost: 1.2773918499059829
Jun 28, 2018 3:52:34 PM org.optframework.core.hbmo.HBMOAlgorithm runAlgorithm
INFO: =========================Iteration :122
Jun 28, 2018 3:52:39 PM org.optframework.core.utils.Printer lightPrintSolutionForHBMOItr
INFO: Number of used Instances: 20
Jun 28, 2018 3:52:39 PM org.optframework.core.utils.Printer lightPrintSolutionForHBMOItr
INFO: Fitness Value: 6989.00127739185 Makespan: 6990 Total Cost: 1.2773918499059829
Jun 28, 2018 3:52:39 PM org.optframework.core.hbmo.HBMOAlgorithm runAlgorithm
INFO: =========================Iteration :123
Jun 28, 2018 3:52:45 PM org.optframework.core.utils.Printer lightPrintSolutionForHBMOItr
INFO: Number of used Instances: 20
Jun 28, 2018 3:52:45 PM org.optframework.core.utils.Printer lightPrintSolutionForHBMOItr
INFO: Fitness Value: 6989.00127739185 Makespan: 6990 Total Cost: 1.2773918499059829
Jun 28, 2018 3:52:45 PM org.optframework.core.hbmo.HBMOAlgorithm runAlgorithm
INFO: =========================Iteration :124
Jun 28, 2018 3:52:49 PM org.optframework.core.utils.Printer lightPrintSolutionForHBMOItr
INFO: Number of used Instances: 20
Jun 28, 2018 3:52:49 PM org.optframework.core.utils.Printer lightPrintSolutionForHBMOItr
INFO: Fitness Value: 6989.00127739185 Makespan: 6990 Total Cost: 1.2773918499059829
Jun 28, 2018 3:52:49 PM org.optframework.core.hbmo.HBMOAlgorithm runAlgorithm
INFO: =========================Iteration :125
Jun 28, 2018 3:52:54 PM org.optframework.core.utils.Printer lightPrintSolutionForHBMOItr
INFO: Number of used Instances: 20
Jun 28, 2018 3:52:54 PM org.optframework.core.utils.Printer lightPrintSolutionForHBMOItr
INFO: Fitness Value: 6989.00127739185 Makespan: 6990 Total Cost: 1.2773918499059829
Jun 28, 2018 3:52:54 PM org.optframework.core.hbmo.HBMOAlgorithm runAlgorithm
INFO: =========================Iteration :126
Jun 28, 2018 3:52:59 PM org.optframework.core.utils.Printer lightPrintSolutionForHBMOItr
INFO: Number of used Instances: 20
Jun 28, 2018 3:52:59 PM org.optframework.core.utils.Printer lightPrintSolutionForHBMOItr
INFO: Fitness Value: 6989.00127739185 Makespan: 6990 Total Cost: 1.2773918499059829
Jun 28, 2018 3:52:59 PM org.optframework.core.hbmo.HBMOAlgorithm runAlgorithm
INFO: =========================Iteration :127
Jun 28, 2018 3:53:05 PM org.optframework.core.utils.Printer lightPrintSolutionForHBMOItr
INFO: Number of used Instances: 20
Jun 28, 2018 3:53:05 PM org.optframework.core.utils.Printer lightPrintSolutionForHBMOItr
INFO: Fitness Value: 6989.00127739185 Makespan: 6990 Total Cost: 1.2773918499059829
Jun 28, 2018 3:53:05 PM org.optframework.core.hbmo.HBMOAlgorithm runAlgorithm
INFO: =========================Iteration :128
Jun 28, 2018 3:53:10 PM org.optframework.core.utils.Printer lightPrintSolutionForHBMOItr
INFO: Number of used Instances: 20
Jun 28, 2018 3:53:10 PM org.optframework.core.utils.Printer lightPrintSolutionForHBMOItr
INFO: Fitness Value: 6989.00127739185 Makespan: 6990 Total Cost: 1.2773918499059829
Jun 28, 2018 3:53:10 PM org.optframework.core.hbmo.HBMOAlgorithm runAlgorithm
INFO: =========================Iteration :129
Jun 28, 2018 3:53:14 PM org.optframework.core.utils.Printer lightPrintSolutionForHBMOItr
INFO: Number of used Instances: 20
Jun 28, 2018 3:53:14 PM org.optframework.core.utils.Printer lightPrintSolutionForHBMOItr
INFO: Fitness Value: 6989.00127739185 Makespan: 6990 Total Cost: 1.2773918499059829
Jun 28, 2018 3:53:14 PM org.optframework.core.hbmo.HBMOAlgorithm runAlgorithm
INFO: =========================Iteration :130
Jun 28, 2018 3:53:19 PM org.optframework.core.utils.Printer lightPrintSolutionForHBMOItr
INFO: Number of used Instances: 20
Jun 28, 2018 3:53:19 PM org.optframework.core.utils.Printer lightPrintSolutionForHBMOItr
INFO: Fitness Value: 6989.00127739185 Makespan: 6990 Total Cost: 1.2773918499059829
Jun 28, 2018 3:53:19 PM org.optframework.core.hbmo.HBMOAlgorithm runAlgorithm
INFO: =========================Iteration :131
Jun 28, 2018 3:53:24 PM org.optframework.core.utils.Printer lightPrintSolutionForHBMOItr
INFO: Number of used Instances: 20
Jun 28, 2018 3:53:24 PM org.optframework.core.utils.Printer lightPrintSolutionForHBMOItr
INFO: Fitness Value: 6989.00127739185 Makespan: 6990 Total Cost: 1.2773918499059829
Jun 28, 2018 3:53:24 PM org.optframework.core.hbmo.HBMOAlgorithm runAlgorithm
INFO: =========================Iteration :132
Jun 28, 2018 3:53:29 PM org.optframework.core.utils.Printer lightPrintSolutionForHBMOItr
INFO: Number of used Instances: 20
Jun 28, 2018 3:53:29 PM org.optframework.core.utils.Printer lightPrintSolutionForHBMOItr
INFO: Fitness Value: 6989.00127739185 Makespan: 6990 Total Cost: 1.2773918499059829
Jun 28, 2018 3:53:29 PM org.optframework.core.hbmo.HBMOAlgorithm runAlgorithm
INFO: =========================Iteration :133
Jun 28, 2018 3:53:35 PM org.optframework.core.utils.Printer lightPrintSolutionForHBMOItr
INFO: Number of used Instances: 20
Jun 28, 2018 3:53:35 PM org.optframework.core.utils.Printer lightPrintSolutionForHBMOItr
INFO: Fitness Value: 6989.00127739185 Makespan: 6990 Total Cost: 1.2773918499059829
Jun 28, 2018 3:53:35 PM org.optframework.core.hbmo.HBMOAlgorithm runAlgorithm
INFO: =========================Iteration :134
Jun 28, 2018 3:53:40 PM org.optframework.core.utils.Printer lightPrintSolutionForHBMOItr
INFO: Number of used Instances: 20
Jun 28, 2018 3:53:40 PM org.optframework.core.utils.Printer lightPrintSolutionForHBMOItr
INFO: Fitness Value: 6989.00127739185 Makespan: 6990 Total Cost: 1.2773918499059829
Jun 28, 2018 3:53:40 PM org.optframework.core.hbmo.HBMOAlgorithm runAlgorithm
INFO: =========================Iteration :135
Jun 28, 2018 3:53:45 PM org.optframework.core.utils.Printer lightPrintSolutionForHBMOItr
INFO: Number of used Instances: 20
Jun 28, 2018 3:53:45 PM org.optframework.core.utils.Printer lightPrintSolutionForHBMOItr
INFO: Fitness Value: 6989.00127739185 Makespan: 6990 Total Cost: 1.2773918499059829
Jun 28, 2018 3:53:45 PM org.optframework.core.hbmo.HBMOAlgorithm runAlgorithm
INFO: =========================Iteration :136
Jun 28, 2018 3:53:50 PM org.optframework.core.utils.Printer lightPrintSolutionForHBMOItr
INFO: Number of used Instances: 20
Jun 28, 2018 3:53:50 PM org.optframework.core.utils.Printer lightPrintSolutionForHBMOItr
INFO: Fitness Value: 6989.00127739185 Makespan: 6990 Total Cost: 1.2773918499059829
Jun 28, 2018 3:53:50 PM org.optframework.core.hbmo.HBMOAlgorithm runAlgorithm
INFO: =========================Iteration :137
Jun 28, 2018 3:53:55 PM org.optframework.core.utils.Printer lightPrintSolutionForHBMOItr
INFO: Number of used Instances: 20
Jun 28, 2018 3:53:55 PM org.optframework.core.utils.Printer lightPrintSolutionForHBMOItr
INFO: Fitness Value: 6989.00127739185 Makespan: 6990 Total Cost: 1.2773918499059829
Jun 28, 2018 3:53:55 PM org.optframework.core.hbmo.HBMOAlgorithm runAlgorithm
INFO: =========================Iteration :138
Jun 28, 2018 3:54:00 PM org.optframework.core.utils.Printer lightPrintSolutionForHBMOItr
INFO: Number of used Instances: 20
Jun 28, 2018 3:54:00 PM org.optframework.core.utils.Printer lightPrintSolutionForHBMOItr
INFO: Fitness Value: 6989.00127739185 Makespan: 6990 Total Cost: 1.2773918499059829
Jun 28, 2018 3:54:00 PM org.optframework.core.hbmo.HBMOAlgorithm runAlgorithm
INFO: =========================Iteration :139
Jun 28, 2018 3:54:05 PM org.optframework.core.utils.Printer lightPrintSolutionForHBMOItr
INFO: Number of used Instances: 20
Jun 28, 2018 3:54:05 PM org.optframework.core.utils.Printer lightPrintSolutionForHBMOItr
INFO: Fitness Value: 6989.00127739185 Makespan: 6990 Total Cost: 1.2773918499059829
Jun 28, 2018 3:54:05 PM org.optframework.core.hbmo.HBMOAlgorithm runAlgorithm
INFO: =========================Iteration :140
Jun 28, 2018 3:54:10 PM org.optframework.core.utils.Printer lightPrintSolutionForHBMOItr
INFO: Number of used Instances: 20
Jun 28, 2018 3:54:10 PM org.optframework.core.utils.Printer lightPrintSolutionForHBMOItr
INFO: Fitness Value: 6989.00127739185 Makespan: 6990 Total Cost: 1.2773918499059829
Jun 28, 2018 3:54:10 PM org.optframework.core.hbmo.HBMOAlgorithm runAlgorithm
INFO: =========================Iteration :141
Jun 28, 2018 3:54:15 PM org.optframework.core.utils.Printer lightPrintSolutionForHBMOItr
INFO: Number of used Instances: 20
Jun 28, 2018 3:54:15 PM org.optframework.core.utils.Printer lightPrintSolutionForHBMOItr
INFO: Fitness Value: 6989.00127739185 Makespan: 6990 Total Cost: 1.2773918499059829
Jun 28, 2018 3:54:15 PM org.optframework.core.hbmo.HBMOAlgorithm runAlgorithm
INFO: =========================Iteration :142
Jun 28, 2018 3:54:20 PM org.optframework.core.utils.Printer lightPrintSolutionForHBMOItr
INFO: Number of used Instances: 20
Jun 28, 2018 3:54:20 PM org.optframework.core.utils.Printer lightPrintSolutionForHBMOItr
INFO: Fitness Value: 6989.00127739185 Makespan: 6990 Total Cost: 1.2773918499059829
Jun 28, 2018 3:54:20 PM org.optframework.core.hbmo.HBMOAlgorithm runAlgorithm
INFO: =========================Iteration :143
Jun 28, 2018 3:54:25 PM org.optframework.core.utils.Printer lightPrintSolutionForHBMOItr
INFO: Number of used Instances: 20
Jun 28, 2018 3:54:25 PM org.optframework.core.utils.Printer lightPrintSolutionForHBMOItr
INFO: Fitness Value: 6989.00127739185 Makespan: 6990 Total Cost: 1.2773918499059829
Jun 28, 2018 3:54:25 PM org.optframework.core.hbmo.HBMOAlgorithm runAlgorithm
INFO: =========================Iteration :144
Jun 28, 2018 3:54:30 PM org.optframework.core.utils.Printer lightPrintSolutionForHBMOItr
INFO: Number of used Instances: 20
Jun 28, 2018 3:54:30 PM org.optframework.core.utils.Printer lightPrintSolutionForHBMOItr
INFO: Fitness Value: 6989.00127739185 Makespan: 6990 Total Cost: 1.2773918499059829
Jun 28, 2018 3:54:30 PM org.optframework.core.hbmo.HBMOAlgorithm runAlgorithm
INFO: =========================Iteration :145
Jun 28, 2018 3:54:35 PM org.optframework.core.utils.Printer lightPrintSolutionForHBMOItr
INFO: Number of used Instances: 20
Jun 28, 2018 3:54:35 PM org.optframework.core.utils.Printer lightPrintSolutionForHBMOItr
INFO: Fitness Value: 6989.00127739185 Makespan: 6990 Total Cost: 1.2773918499059829
Jun 28, 2018 3:54:35 PM org.optframework.core.hbmo.HBMOAlgorithm runAlgorithm
INFO: =========================Iteration :146
Jun 28, 2018 3:54:40 PM org.optframework.core.utils.Printer lightPrintSolutionForHBMOItr
INFO: Number of used Instances: 20
Jun 28, 2018 3:54:40 PM org.optframework.core.utils.Printer lightPrintSolutionForHBMOItr
INFO: Fitness Value: 6989.00127739185 Makespan: 6990 Total Cost: 1.2773918499059829
Jun 28, 2018 3:54:40 PM org.optframework.core.hbmo.HBMOAlgorithm runAlgorithm
INFO: =========================Iteration :147
Jun 28, 2018 3:54:45 PM org.optframework.core.utils.Printer lightPrintSolutionForHBMOItr
INFO: Number of used Instances: 20
Jun 28, 2018 3:54:45 PM org.optframework.core.utils.Printer lightPrintSolutionForHBMOItr
INFO: Fitness Value: 6989.00127739185 Makespan: 6990 Total Cost: 1.2773918499059829
Jun 28, 2018 3:54:45 PM org.optframework.core.hbmo.HBMOAlgorithm runAlgorithm
INFO: =========================Iteration :148
Jun 28, 2018 3:54:50 PM org.optframework.core.utils.Printer lightPrintSolutionForHBMOItr
INFO: Number of used Instances: 20
Jun 28, 2018 3:54:50 PM org.optframework.core.utils.Printer lightPrintSolutionForHBMOItr
INFO: Fitness Value: 6989.00127739185 Makespan: 6990 Total Cost: 1.2773918499059829
Jun 28, 2018 3:54:50 PM org.optframework.core.hbmo.HBMOAlgorithm runAlgorithm
INFO: =========================Iteration :149
Jun 28, 2018 3:54:55 PM org.optframework.core.utils.Printer lightPrintSolutionForHBMOItr
INFO: Number of used Instances: 20
Jun 28, 2018 3:54:55 PM org.optframework.core.utils.Printer lightPrintSolutionForHBMOItr
INFO: Fitness Value: 6989.00127739185 Makespan: 6990 Total Cost: 1.2773918499059829
Jun 28, 2018 3:54:55 PM org.optframework.core.utils.Printer printSolution
INFO: Number of used Instances: 20
Jun 28, 2018 3:54:55 PM org.optframework.core.utils.Printer printSolution
INFO: Requested time for instance m3.2xlarge : 5683.859153846154
Jun 28, 2018 3:54:55 PM org.optframework.core.utils.Printer printSolution
INFO: Requested time for instance m3.2xlarge : 3579.238769230769
Jun 28, 2018 3:54:55 PM org.optframework.core.utils.Printer printSolution
INFO: Requested time for instance m3.2xlarge : 5886.9380769230775
Jun 28, 2018 3:54:55 PM org.optframework.core.utils.Printer printSolution
INFO: Requested time for instance m2.2xlarge : 3987.6963076923075
Jun 28, 2018 3:54:55 PM org.optframework.core.utils.Printer printSolution
INFO: Requested time for instance m3.2xlarge : 6620.782230769231
Jun 28, 2018 3:54:55 PM org.optframework.core.utils.Printer printSolution
INFO: Requested time for instance m2.4xlarge : 6932.331692307692
Jun 28, 2018 3:54:55 PM org.optframework.core.utils.Printer printSolution
INFO: Requested time for instance m3.2xlarge : -964.6193846153847
Jun 28, 2018 3:54:55 PM org.optframework.core.utils.Printer printSolution
INFO: Requested time for instance m2.4xlarge : 2156.158846153846
Jun 28, 2018 3:54:55 PM org.optframework.core.utils.Printer printSolution
INFO: Requested time for instance m2.2xlarge : -1430.7772307692305
Jun 28, 2018 3:54:55 PM org.optframework.core.utils.Printer printSolution
INFO: Requested time for instance m3.xlarge : -491.55046153846206
Jun 28, 2018 3:54:55 PM org.optframework.core.utils.Printer printSolution
INFO: Requested time for instance m2.2xlarge : 3895.3886153846156
Jun 28, 2018 3:54:55 PM org.optframework.core.utils.Printer printSolution
INFO: Requested time for instance m2.2xlarge : -3161.5544615384615
Jun 28, 2018 3:54:55 PM org.optframework.core.utils.Printer printSolution
INFO: Requested time for instance m2.4xlarge : 4523.081923076923
Jun 28, 2018 3:54:55 PM org.optframework.core.utils.Printer printSolution
INFO: Requested time for instance m2.xlarge : 3336.9300769230776
Jun 28, 2018 3:54:55 PM org.optframework.core.utils.Printer printSolution
INFO: Requested time for instance m2.2xlarge : 1573.8471538461533
Jun 28, 2018 3:54:55 PM org.optframework.core.utils.Printer printSolution
INFO: Requested time for instance m1.small : 360.0
Jun 28, 2018 3:54:55 PM org.optframework.core.utils.Printer printSolution
INFO: Requested time for instance m2.2xlarge : 27.692307692307622
Jun 28, 2018 3:54:55 PM org.optframework.core.utils.Printer printSolution
INFO: Requested time for instance m2.2xlarge : 2455.3846153846152
Jun 28, 2018 3:54:55 PM org.optframework.core.utils.Printer printSolution
INFO: Requested time for instance m1.xlarge : 2310.0
Jun 28, 2018 3:54:55 PM org.optframework.core.utils.Printer printSolution
INFO: Requested time for instance m3.2xlarge : 13.848153846153764
Jun 28, 2018 3:54:55 PM org.optframework.core.utils.Printer printSolution
INFO: Timeline for instance m3.2xlarge : 5766.936076923077
Jun 28, 2018 3:54:55 PM org.optframework.core.utils.Printer printSolution
INFO: Timeline for instance m3.2xlarge : 3579.238769230769
Jun 28, 2018 3:54:55 PM org.optframework.core.utils.Printer printSolution
INFO: Timeline for instance m3.2xlarge : 5974.630384615385
Jun 28, 2018 3:54:55 PM org.optframework.core.utils.Printer printSolution
INFO: Timeline for instance m2.2xlarge : 3987.6963076923075
Jun 28, 2018 3:54:55 PM org.optframework.core.utils.Printer printSolution
INFO: Timeline for instance m3.2xlarge : 6620.782230769231
Jun 28, 2018 3:54:55 PM org.optframework.core.utils.Printer printSolution
INFO: Timeline for instance m2.4xlarge : 6976.177846153846
Jun 28, 2018 3:54:55 PM org.optframework.core.utils.Printer printSolution
INFO: Timeline for instance m3.2xlarge : 1772.3116923076923
Jun 28, 2018 3:54:55 PM org.optframework.core.utils.Printer printSolution
INFO: Timeline for instance m2.4xlarge : 3646.166846153846
Jun 28, 2018 3:54:55 PM org.optframework.core.utils.Printer printSolution
INFO: Timeline for instance m2.2xlarge : 1532.3076923076922
Jun 28, 2018 3:54:55 PM org.optframework.core.utils.Printer printSolution
INFO: Timeline for instance m3.xlarge : 3576.9230769230767
Jun 28, 2018 3:54:55 PM org.optframework.core.utils.Printer printSolution
INFO: Timeline for instance m2.2xlarge : 4924.623384615385
Jun 28, 2018 3:54:55 PM org.optframework.core.utils.Printer printSolution
INFO: Timeline for instance m2.2xlarge : 1947.6923076923076
Jun 28, 2018 3:54:55 PM org.optframework.core.utils.Printer printSolution
INFO: Timeline for instance m2.4xlarge : 5963.089923076923
Jun 28, 2018 3:54:55 PM org.optframework.core.utils.Printer printSolution
INFO: Timeline for instance m2.xlarge : 4776.9380769230775
Jun 28, 2018 3:54:55 PM org.optframework.core.utils.Printer printSolution
INFO: Timeline for instance m2.2xlarge : 3013.8551538461534
Jun 28, 2018 3:54:55 PM org.optframework.core.utils.Printer printSolution
INFO: Timeline for instance m1.small : 3346.1628461538457
Jun 28, 2018 3:54:55 PM org.optframework.core.utils.Printer printSolution
INFO: Timeline for instance m2.2xlarge : 1467.7003076923077
Jun 28, 2018 3:54:55 PM org.optframework.core.utils.Printer printSolution
INFO: Timeline for instance m2.2xlarge : 5346.931076923076
Jun 28, 2018 3:54:55 PM org.optframework.core.utils.Printer printSolution
INFO: Timeline for instance m1.xlarge : 3777.7003076923074
Jun 28, 2018 3:54:55 PM org.optframework.core.utils.Printer printSolution
INFO: Timeline for instance m3.2xlarge : 6990.026000000001
Jun 28, 2018 3:54:55 PM org.optframework.core.utils.Printer printSolution
INFO: Value of the X Array:  0 1 1 0 2 1 0 0 3 3 2 2 4 3 2 1 1 5 5 4 2 6 1 6 5 2 3 1 5 1 5 5 6 3 0 3 0 0 1 5 9 1 5 4 10 11 0 1 8 2 2 1 7 9 8 7 9 1 0 9 0 13 12 2 14 8 12 16 7 15 2 14 2 5 6 1 0 10 9 1 2 17 4 11 12 7 1 7 8 0 3 18 6 12 2 9 4 19 13 2
Jun 28, 2018 3:54:55 PM org.optframework.core.utils.Printer printSolution
INFO: Value of the Y Array:  8 8 8 5 8 6 8 6 5 7 5 5 6 4 5 0 5 5 3 8
Jun 28, 2018 3:54:55 PM org.optframework.core.utils.Printer printSolution
INFO: Total Cost: 1.2773918499059829
Jun 28, 2018 3:54:55 PM org.optframework.core.utils.Printer printSolution
INFO: Makespan: 6990
Jun 28, 2018 3:54:55 PM org.optframework.core.utils.Printer printSolution
INFO: Fitness Value: 6989.00127739185
Jun 28, 2018 3:54:55 PM org.optframework.core.utils.Printer printSolution
INFO: Algorithm runtime: 11 Minutes [717274]
Jun 28, 2018 3:54:55 PM org.optframework.RunHEFTWithHBMO runHEFTWithHBMO
INFO: ----------  HBMO Algorithm is finished  ----------
Jun 28, 2018 3:54:55 PM org.optframework.core.utils.PopulateWorkflow populateWorkflowWithId
INFO: Populates the workflow from Dax file
Jun 28, 2018 3:54:55 PM org.optframework.core.heft.HEFTAlgorithm runAlgorithm
INFO: Timeline for instance m3.2xlarge : 3526.164846153846
Jun 28, 2018 3:54:55 PM org.optframework.core.heft.HEFTAlgorithm runAlgorithm
INFO: Timeline for instance m3.2xlarge : 3401.542461538461
Jun 28, 2018 3:54:55 PM org.optframework.core.heft.HEFTAlgorithm runAlgorithm
INFO: Timeline for instance m3.2xlarge : 3879.2347692307694
Jun 28, 2018 3:54:55 PM org.optframework.core.heft.HEFTAlgorithm runAlgorithm
INFO: Timeline for instance m2.2xlarge : 2367.7013076923076
Jun 28, 2018 3:54:55 PM org.optframework.core.heft.HEFTAlgorithm runAlgorithm
INFO: Timeline for instance m3.2xlarge : 3438.4675384615384
Jun 28, 2018 3:54:55 PM org.optframework.core.heft.HEFTAlgorithm runAlgorithm
INFO: Timeline for instance m2.4xlarge : 3309.236769230769
Jun 28, 2018 3:54:55 PM org.optframework.core.heft.HEFTAlgorithm runAlgorithm
INFO: Timeline for instance m3.2xlarge : 3759.238769230769
Jun 28, 2018 3:54:55 PM org.optframework.core.heft.HEFTAlgorithm runAlgorithm
INFO: Timeline for instance m2.4xlarge : 3258.4695384615384
Jun 28, 2018 3:54:55 PM org.optframework.core.heft.HEFTAlgorithm runAlgorithm
INFO: Timeline for instance m2.2xlarge : 3392.313692307692
Jun 28, 2018 3:54:55 PM org.optframework.core.heft.HEFTAlgorithm runAlgorithm
INFO: Timeline for instance m3.xlarge : 2367.7013076923076
Jun 28, 2018 3:54:55 PM org.optframework.core.heft.HEFTAlgorithm runAlgorithm
INFO: Timeline for instance m2.2xlarge : 2095.390615384615
Jun 28, 2018 3:54:55 PM org.optframework.core.heft.HEFTAlgorithm runAlgorithm
INFO: Timeline for instance m2.2xlarge : 1670.7732307692306
Jun 28, 2018 3:54:55 PM org.optframework.core.heft.HEFTAlgorithm runAlgorithm
INFO: Timeline for instance m2.4xlarge : 3431.5464615384612
Jun 28, 2018 3:54:55 PM org.optframework.core.heft.HEFTAlgorithm runAlgorithm
INFO: Timeline for instance m2.xlarge : 370.0
Jun 28, 2018 3:54:55 PM org.optframework.core.heft.HEFTAlgorithm runAlgorithm
INFO: Timeline for instance m2.2xlarge : 3582.3116923076923
Jun 28, 2018 3:54:55 PM org.optframework.core.heft.HEFTAlgorithm runAlgorithm
INFO: Timeline for instance m1.small : 0.0
Jun 28, 2018 3:54:55 PM org.optframework.core.heft.HEFTAlgorithm runAlgorithm
INFO: Timeline for instance m2.2xlarge : 1647.6963076923075
Jun 28, 2018 3:54:55 PM org.optframework.core.heft.HEFTAlgorithm runAlgorithm
INFO: Timeline for instance m2.2xlarge : 1633.2732307692306
Jun 28, 2018 3:54:55 PM org.optframework.core.heft.HEFTAlgorithm runAlgorithm
INFO: Timeline for instance m1.xlarge : 427.5
Jun 28, 2018 3:54:55 PM org.optframework.core.heft.HEFTAlgorithm runAlgorithm
INFO: Timeline for instance m3.2xlarge : 3505.3936153846153
Jun 28, 2018 3:54:55 PM org.optframework.core.heft.HEFTAlgorithm runAlgorithm
INFO: Value of the X Array:  7 18 1 19 17 13 18 6 18 8 13 11 16 4 5 10 0 14 12 2 3 14 9 7 17 1 19 10 5 4 6 6 3 14 11 16 4 5 8 0 9 12 2 19 7 12 1 0 1 1 4 1 3 1 1 9 10 5 8 1 1 0 1 1 1 1 1 1 1 1 3 9 1 1 4 1 2 1 12 1 8 5 6 1 7 0 2 1 1 14 6 1 1 1 1 1 19 0 0 0
Jun 28, 2018 3:54:55 PM org.optframework.core.heft.HEFTAlgorithm runAlgorithm
INFO: Value of the Real Y Array:  8 8 8 5 8 6 8 6 5 7 5 5 6 4 5 0 5 5 3 8
Jun 28, 2018 3:54:55 PM org.optframework.core.heft.HEFTAlgorithm runAlgorithm
INFO: Instance IDs used in HEFT: VM0 VM1 VM2 VM3 VM4 VM5 VM6 VM7 VM8 VM9 VM10 VM11 VM12 VM13 VM14 VM16 VM17 VM18 VM19 
Jun 28, 2018 3:54:55 PM org.optframework.core.heft.HEFTAlgorithm runAlgorithm
INFO: Available Instances:20 Number of used instances in HEFT: 19
Jun 28, 2018 3:54:55 PM org.optframework.core.heft.HEFTAlgorithm runAlgorithm
INFO: Makespan from HEFT: 3879
Jun 28, 2018 3:54:55 PM org.optframework.RunHEFTWithHBMO runHEFTWithHBMO
INFO: HBMO Makespan: 6990   HEFT Makespan: 3879
Jun 28, 2018 3:54:55 PM org.optframework.core.utils.Printer printTime
INFO: Algorithm runtime: 0 Seconds [8]
