Jun 17, 2018 11:27:49 PM org.optframework.RunCompleteAlgorithm main
INFO: Loads configs
Jun 17, 2018 11:27:50 PM org.optframework.core.utils.PopulateWorkflow populateSimpleWorkflow2
INFO: Populates the workflow from the simple workflow
Jun 17, 2018 11:27:50 PM org.optframework.RunCompleteAlgorithm main
INFO: Maximum number of instances: 100 Number of different types of instances: 9 Number of tasks: 5
Jun 17, 2018 11:27:50 PM org.optframework.RunCompleteAlgorithm populateInstancePrices
INFO: Loads spot prices history
Jun 17, 2018 6:57:52 PM org.optframework.core.dfs.CompleteAlgorithm printSolution
INFO: ============================[Level] Number of used instances: 0
Jun 17, 2018 6:57:52 PM org.optframework.core.dfs.CompleteAlgorithm printSolution
INFO: Requested time for instance m1.small : 500.0
Jun 17, 2018 6:57:52 PM org.optframework.core.dfs.CompleteAlgorithm printSolution
INFO: Timeline for instance m1.small : 500.0
Jun 17, 2018 6:57:52 PM org.optframework.core.dfs.CompleteAlgorithm printSolution
INFO: Value of the X Array:  0 0 0 0 0
Jun 17, 2018 6:57:52 PM org.optframework.core.dfs.CompleteAlgorithm printSolution
INFO: Value of the Y Array:  0
Jun 17, 2018 6:57:52 PM org.optframework.core.dfs.CompleteAlgorithm printSolution
INFO: Total Cost: 6.527777777777778E-4
Jun 17, 2018 6:57:52 PM org.optframework.core.dfs.CompleteAlgorithm printSolution
INFO: Makespan: 500
Jun 17, 2018 6:57:52 PM org.optframework.core.dfs.CompleteAlgorithm printSolution
INFO: (Best Solution so far) Fitness Value: 499.00000065277777
Jun 17, 2018 6:57:52 PM org.optframework.core.dfs.CompleteAlgorithm printSolution
INFO: ============================[Level] Number of used instances: 1
Jun 17, 2018 6:57:52 PM org.optframework.core.dfs.CompleteAlgorithm printSolution
INFO: Requested time for instance m1.small : 19.230769230769234
Jun 17, 2018 6:57:52 PM org.optframework.core.dfs.CompleteAlgorithm printSolution
INFO: Timeline for instance m1.small : 19.230769230769234
Jun 17, 2018 6:57:52 PM org.optframework.core.dfs.CompleteAlgorithm printSolution
INFO: Value of the X Array:  0 0 0 0 0
Jun 17, 2018 6:57:52 PM org.optframework.core.dfs.CompleteAlgorithm printSolution
INFO: Value of the Y Array:  6
Jun 17, 2018 6:57:52 PM org.optframework.core.dfs.CompleteAlgorithm printSolution
INFO: Total Cost: 5.876068376068377E-4
Jun 17, 2018 6:57:52 PM org.optframework.core.dfs.CompleteAlgorithm printSolution
INFO: Makespan: 19
Jun 17, 2018 6:57:52 PM org.optframework.core.dfs.CompleteAlgorithm printSolution
INFO: (Best Solution so far) Fitness Value: 18.000000587606838
Jun 17, 2018 6:57:52 PM org.optframework.core.dfs.CompleteAlgorithm printSolution
INFO: ============================[Level] Number of used instances: 2
Jun 17, 2018 6:57:52 PM org.optframework.core.dfs.CompleteAlgorithm printSolution
INFO: Requested time for instance m1.small : 13.846153846153847
Jun 17, 2018 6:57:52 PM org.optframework.core.dfs.CompleteAlgorithm printSolution
INFO: Requested time for instance m1.medium : 5.384615384615385
Jun 17, 2018 6:57:52 PM org.optframework.core.dfs.CompleteAlgorithm printSolution
INFO: Timeline for instance m1.small : 13.846153846153847
Jun 17, 2018 6:57:52 PM org.optframework.core.dfs.CompleteAlgorithm printSolution
INFO: Timeline for instance m1.medium : 17.30769230769231
Jun 17, 2018 6:57:52 PM org.optframework.core.dfs.CompleteAlgorithm printSolution
INFO: Value of the X Array:  0 0 0 1 1
Jun 17, 2018 6:57:52 PM org.optframework.core.dfs.CompleteAlgorithm printSolution
INFO: Value of the Y Array:  6 6
Jun 17, 2018 6:57:52 PM org.optframework.core.dfs.CompleteAlgorithm printSolution
INFO: Total Cost: 5.876068376068377E-4
Jun 17, 2018 6:57:52 PM org.optframework.core.dfs.CompleteAlgorithm printSolution
INFO: Makespan: 17
Jun 17, 2018 6:57:52 PM org.optframework.core.dfs.CompleteAlgorithm printSolution
INFO: (Best Solution so far) Fitness Value: 16.000000587606838
Jun 17, 2018 6:57:54 PM org.optframework.core.dfs.CompleteAlgorithm printSolution
INFO: ============================[Level] Number of used instances: 3
Jun 17, 2018 6:57:54 PM org.optframework.core.dfs.CompleteAlgorithm printSolution
INFO: Requested time for instance m1.small : 13.846153846153847
Jun 17, 2018 6:57:54 PM org.optframework.core.dfs.CompleteAlgorithm printSolution
INFO: Requested time for instance m1.medium : 5.384615384615385
Jun 17, 2018 6:57:54 PM org.optframework.core.dfs.CompleteAlgorithm printSolution
INFO: Timeline for instance m1.small : 13.846153846153847
Jun 17, 2018 6:57:54 PM org.optframework.core.dfs.CompleteAlgorithm printSolution
INFO: Timeline for instance m1.medium : 17.30769230769231
Jun 17, 2018 6:57:54 PM org.optframework.core.dfs.CompleteAlgorithm printSolution
INFO: Value of the X Array:  0 0 0 1 1
Jun 17, 2018 6:57:54 PM org.optframework.core.dfs.CompleteAlgorithm printSolution
INFO: Value of the Y Array:  6 6
Jun 17, 2018 6:57:54 PM org.optframework.core.dfs.CompleteAlgorithm printSolution
INFO: Total Cost: 5.876068376068377E-4
Jun 17, 2018 6:57:54 PM org.optframework.core.dfs.CompleteAlgorithm printSolution
INFO: Makespan: 17
Jun 17, 2018 6:57:54 PM org.optframework.core.dfs.CompleteAlgorithm printSolution
INFO: (Best Solution so far) Fitness Value: 16.000000587606838
Jun 17, 2018 6:58:31 PM org.optframework.core.dfs.CompleteAlgorithm printSolution
INFO: ============================[Level] Number of used instances: 4
Jun 17, 2018 6:58:31 PM org.optframework.core.dfs.CompleteAlgorithm printSolution
INFO: Requested time for instance m1.small : 13.846153846153847
Jun 17, 2018 6:58:31 PM org.optframework.core.dfs.CompleteAlgorithm printSolution
INFO: Requested time for instance m1.medium : 5.384615384615385
Jun 17, 2018 6:58:31 PM org.optframework.core.dfs.CompleteAlgorithm printSolution
INFO: Timeline for instance m1.small : 13.846153846153847
Jun 17, 2018 6:58:31 PM org.optframework.core.dfs.CompleteAlgorithm printSolution
INFO: Timeline for instance m1.medium : 17.30769230769231
Jun 17, 2018 6:58:31 PM org.optframework.core.dfs.CompleteAlgorithm printSolution
INFO: Value of the X Array:  0 0 0 1 1
Jun 17, 2018 6:58:31 PM org.optframework.core.dfs.CompleteAlgorithm printSolution
INFO: Value of the Y Array:  6 6
Jun 17, 2018 6:58:31 PM org.optframework.core.dfs.CompleteAlgorithm printSolution
INFO: Total Cost: 5.876068376068377E-4
Jun 17, 2018 6:58:31 PM org.optframework.core.dfs.CompleteAlgorithm printSolution
INFO: Makespan: 17
Jun 17, 2018 6:58:31 PM org.optframework.core.dfs.CompleteAlgorithm printSolution
INFO: (Best Solution so far) Fitness Value: 16.000000587606838
Jun 17, 2018 7:15:14 PM org.optframework.core.dfs.CompleteAlgorithm printSolution
INFO: ============================[Level] Number of used instances: 5
Jun 17, 2018 7:15:14 PM org.optframework.core.dfs.CompleteAlgorithm printSolution
INFO: Requested time for instance m1.small : 13.846153846153847
Jun 17, 2018 7:15:14 PM org.optframework.core.dfs.CompleteAlgorithm printSolution
INFO: Requested time for instance m1.medium : 5.384615384615385
Jun 17, 2018 7:15:14 PM org.optframework.core.dfs.CompleteAlgorithm printSolution
INFO: Timeline for instance m1.small : 13.846153846153847
Jun 17, 2018 7:15:14 PM org.optframework.core.dfs.CompleteAlgorithm printSolution
INFO: Timeline for instance m1.medium : 17.30769230769231
Jun 17, 2018 7:15:14 PM org.optframework.core.dfs.CompleteAlgorithm printSolution
INFO: Value of the X Array:  0 0 0 1 1
Jun 17, 2018 7:15:14 PM org.optframework.core.dfs.CompleteAlgorithm printSolution
INFO: Value of the Y Array:  6 6
Jun 17, 2018 7:15:14 PM org.optframework.core.dfs.CompleteAlgorithm printSolution
INFO: Total Cost: 5.876068376068377E-4
Jun 17, 2018 7:15:14 PM org.optframework.core.dfs.CompleteAlgorithm printSolution
INFO: Makespan: 17
Jun 17, 2018 7:15:14 PM org.optframework.core.dfs.CompleteAlgorithm printSolution
INFO: (Best Solution so far) Fitness Value: 16.000000587606838
Jun 17, 2018 7:15:14 PM org.optframework.core.utils.Printer printSolution
INFO: Number of used Instances: 2
Jun 17, 2018 7:15:14 PM org.optframework.core.utils.Printer printSolution
INFO: Requested time for instance m2.4xlarge : 13.846153846153847
Jun 17, 2018 7:15:14 PM org.optframework.core.utils.Printer printSolution
INFO: Requested time for instance m2.4xlarge : 5.384615384615385
Jun 17, 2018 7:15:14 PM org.optframework.core.utils.Printer printSolution
INFO: Timeline for instance m2.4xlarge : 13.846153846153847
Jun 17, 2018 7:15:14 PM org.optframework.core.utils.Printer printSolution
INFO: Timeline for instance m2.4xlarge : 17.30769230769231
Jun 17, 2018 7:15:14 PM org.optframework.core.utils.Printer printSolution
INFO: Value of the X Array:  0 0 0 1 1
Jun 17, 2018 7:15:14 PM org.optframework.core.utils.Printer printSolution
INFO: Value of the Y Array:  6 6
Jun 17, 2018 7:15:14 PM org.optframework.core.utils.Printer printSolution
INFO: Total Cost: 5.876068376068377E-4
Jun 17, 2018 7:15:14 PM org.optframework.core.utils.Printer printSolution
INFO: Makespan: 17
Jun 17, 2018 7:15:14 PM org.optframework.core.utils.Printer printSolution
INFO: Fitness Value: 16.000000587606838
Jun 17, 2018 7:15:14 PM org.optframework.core.utils.Printer printSolution
INFO: Algorithm runtime: 0 Seconds [12]
