Jun 20, 2018 7:52:31 PM org.optframework.RunHEFTWithHBMO main
INFO: <<<<<<<<< HEFT Algorithm with HBMO is started >>>>>>>>>
Jun 20, 2018 7:52:31 PM org.optframework.RunHEFTWithHBMO main
INFO: Loads configs
Jun 20, 2018 7:52:31 PM org.optframework.RunHEFTWithHBMO populateInstancePrices
INFO: Loads spot prices history
Jun 20, 2018 3:22:32 PM org.optframework.RunHEFTWithHBMO main
INFO: <<<<<<<<<<  HBMO Algorithm is started  >>>>>>>>>>
Jun 20, 2018 3:22:32 PM org.optframework.core.utils.PopulateWorkflow populateWorkflowFromDaxWithId
INFO: Populates the workflow from Dax file
Jun 20, 2018 3:22:33 PM org.optframework.core.hbmo.HBMOAlgorithm runAlgorithm
INFO: Queen local search: 273
Jun 20, 2018 3:22:33 PM org.optframework.core.hbmo.HBMOAlgorithm runAlgorithm
INFO: =========================Iteration :0
Jun 20, 2018 3:22:33 PM org.optframework.core.utils.Printer printSolution
INFO: Number of used Instances: 8
Jun 20, 2018 3:22:33 PM org.optframework.core.utils.Printer printSolution
INFO: Requested time for instance m2.4xlarge : 6102.694307692308
Jun 20, 2018 3:22:33 PM org.optframework.core.utils.Printer printSolution
INFO: Requested time for instance m2.4xlarge : 3716.5404615384614
Jun 20, 2018 3:22:33 PM org.optframework.core.utils.Printer printSolution
INFO: Requested time for instance m2.xlarge : 3630.0
Jun 20, 2018 3:22:33 PM org.optframework.core.utils.Printer printSolution
INFO: Requested time for instance m3.2xlarge : 4881.925076923077
Jun 20, 2018 3:22:33 PM org.optframework.core.utils.Printer printSolution
INFO: Requested time for instance m1.xlarge : 5509.613384615384
Jun 20, 2018 3:22:33 PM org.optframework.core.utils.Printer printSolution
INFO: Requested time for instance m3.2xlarge : 1442.3076923076922
Jun 20, 2018 3:22:33 PM org.optframework.core.utils.Printer printSolution
INFO: Requested time for instance m3.2xlarge : 706.1538461538462
Jun 20, 2018 3:22:33 PM org.optframework.core.utils.Printer printSolution
INFO: Requested time for instance m2.2xlarge : 2423.077923076924
Jun 20, 2018 3:22:33 PM org.optframework.core.utils.Printer printSolution
INFO: Timeline for instance m2.4xlarge : 6102.694307692308
Jun 20, 2018 3:22:33 PM org.optframework.core.utils.Printer printSolution
INFO: Timeline for instance m2.4xlarge : 3716.5404615384614
Jun 20, 2018 3:22:33 PM org.optframework.core.utils.Printer printSolution
INFO: Timeline for instance m2.xlarge : 3630.0
Jun 20, 2018 3:22:33 PM org.optframework.core.utils.Printer printSolution
INFO: Timeline for instance m3.2xlarge : 4881.925076923077
Jun 20, 2018 3:22:33 PM org.optframework.core.utils.Printer printSolution
INFO: Timeline for instance m1.xlarge : 5636.540461538461
Jun 20, 2018 3:22:33 PM org.optframework.core.utils.Printer printSolution
INFO: Timeline for instance m3.2xlarge : 5117.309692307692
Jun 20, 2018 3:22:33 PM org.optframework.core.utils.Printer printSolution
INFO: Timeline for instance m3.2xlarge : 4404.232769230769
Jun 20, 2018 3:22:33 PM org.optframework.core.utils.Printer printSolution
INFO: Timeline for instance m2.2xlarge : 6125.772230769231
Jun 20, 2018 3:22:33 PM org.optframework.core.utils.Printer printSolution
INFO: Value of the X Array:  0 0 1 2 3 1 1 1 0 3 0 0 4 2 4 5 1 3 1 3 5 1 0 5 0 4 6 3 7 7
Jun 20, 2018 3:22:33 PM org.optframework.core.utils.Printer printSolution
INFO: Value of the Y Array:  6 6 4 8 3 8 8 5
Jun 20, 2018 3:22:33 PM org.optframework.core.utils.Printer printSolution
INFO: Total Cost: 0.6616224279786325
Jun 20, 2018 3:22:33 PM org.optframework.core.utils.Printer printSolution
INFO: Makespan: 6125
Jun 20, 2018 3:22:33 PM org.optframework.core.utils.Printer printSolution
INFO: Fitness Value: 6124.000661622428
Jun 20, 2018 3:22:33 PM org.optframework.core.utils.Printer printSolution
INFO: Algorithm runtime: 0 Seconds [426]
Jun 20, 2018 3:22:33 PM org.optframework.core.hbmo.HBMOAlgorithm runAlgorithm
INFO: =========================Iteration :1
Jun 20, 2018 3:22:33 PM org.optframework.core.utils.Printer printSolution
INFO: Number of used Instances: 7
Jun 20, 2018 3:22:33 PM org.optframework.core.utils.Printer printSolution
INFO: Requested time for instance m2.4xlarge : 5328.462538461539
Jun 20, 2018 3:22:33 PM org.optframework.core.utils.Printer printSolution
INFO: Requested time for instance m2.4xlarge : 4356.924076923077
Jun 20, 2018 3:22:33 PM org.optframework.core.utils.Printer printSolution
INFO: Requested time for instance m2.4xlarge : 2886.923076923077
Jun 20, 2018 3:22:33 PM org.optframework.core.utils.Printer printSolution
INFO: Requested time for instance m3.2xlarge : 4769.996999999999
Jun 20, 2018 3:22:33 PM org.optframework.core.utils.Printer printSolution
INFO: Requested time for instance m1.xlarge : 2782.5
Jun 20, 2018 3:22:33 PM org.optframework.core.utils.Printer printSolution
INFO: Requested time for instance m3.2xlarge : 590.7692307692307
Jun 20, 2018 3:22:33 PM org.optframework.core.utils.Printer printSolution
INFO: Requested time for instance m3.2xlarge : 11.538461538461538
Jun 20, 2018 3:22:33 PM org.optframework.core.utils.Printer printSolution
INFO: Timeline for instance m2.4xlarge : 5328.462538461539
Jun 20, 2018 3:22:33 PM org.optframework.core.utils.Printer printSolution
INFO: Timeline for instance m2.4xlarge : 4356.924076923077
Jun 20, 2018 3:22:33 PM org.optframework.core.utils.Printer printSolution
INFO: Timeline for instance m2.4xlarge : 2886.923076923077
Jun 20, 2018 3:22:33 PM org.optframework.core.utils.Printer printSolution
INFO: Timeline for instance m3.2xlarge : 4811.539461538461
Jun 20, 2018 3:22:33 PM org.optframework.core.utils.Printer printSolution
INFO: Timeline for instance m1.xlarge : 5683.270230769231
Jun 20, 2018 3:22:33 PM org.optframework.core.utils.Printer printSolution
INFO: Timeline for instance m3.2xlarge : 3533.077923076923
Jun 20, 2018 3:22:33 PM org.optframework.core.utils.Printer printSolution
INFO: Timeline for instance m3.2xlarge : 5694.809692307693
Jun 20, 2018 3:22:33 PM org.optframework.core.utils.Printer printSolution
INFO: Value of the X Array:  0 0 1 2 2 1 1 1 0 3 0 2 2 2 1 3 1 4 1 3 0 1 0 1 0 5 3 3 4 6
Jun 20, 2018 3:22:33 PM org.optframework.core.utils.Printer printSolution
INFO: Value of the Y Array:  6 6 6 8 3 8 8
Jun 20, 2018 3:22:33 PM org.optframework.core.utils.Printer printSolution
INFO: Total Cost: 0.595956577784188
Jun 20, 2018 3:22:33 PM org.optframework.core.utils.Printer printSolution
INFO: Makespan: 5694
Jun 20, 2018 3:22:33 PM org.optframework.core.utils.Printer printSolution
INFO: Fitness Value: 5693.000595956578
Jun 20, 2018 3:22:33 PM org.optframework.core.utils.Printer printSolution
INFO: Algorithm runtime: 0 Seconds [311]
Jun 20, 2018 3:22:33 PM org.optframework.core.hbmo.HBMOAlgorithm runAlgorithm
INFO: =========================Iteration :2
Jun 20, 2018 3:22:34 PM org.optframework.core.utils.Printer printSolution
INFO: Number of used Instances: 8
Jun 20, 2018 3:22:34 PM org.optframework.core.utils.Printer printSolution
INFO: Requested time for instance m2.4xlarge : 4924.617384615384
Jun 20, 2018 3:22:34 PM org.optframework.core.utils.Printer printSolution
INFO: Requested time for instance m2.4xlarge : 3939.232769230769
Jun 20, 2018 3:22:34 PM org.optframework.core.utils.Printer printSolution
INFO: Requested time for instance m2.4xlarge : 2090.773230769231
Jun 20, 2018 3:22:34 PM org.optframework.core.utils.Printer printSolution
INFO: Requested time for instance m3.2xlarge : 3200.7672307692305
Jun 20, 2018 3:22:34 PM org.optframework.core.utils.Printer printSolution
INFO: Requested time for instance m1.xlarge : 37.5
Jun 20, 2018 3:22:34 PM org.optframework.core.utils.Printer printSolution
INFO: Requested time for instance m3.2xlarge : 604.6153846153845
Jun 20, 2018 3:22:34 PM org.optframework.core.utils.Printer printSolution
INFO: Requested time for instance m2.4xlarge : 2425.3856153846154
Jun 20, 2018 3:22:34 PM org.optframework.core.utils.Printer printSolution
INFO: Requested time for instance m3.xlarge : 1689.2307692307693
Jun 20, 2018 3:22:34 PM org.optframework.core.utils.Printer printSolution
INFO: Timeline for instance m2.4xlarge : 4924.617384615384
Jun 20, 2018 3:22:34 PM org.optframework.core.utils.Printer printSolution
INFO: Timeline for instance m2.4xlarge : 3939.232769230769
Jun 20, 2018 3:22:34 PM org.optframework.core.utils.Printer printSolution
INFO: Timeline for instance m2.4xlarge : 2090.773230769231
Jun 20, 2018 3:22:34 PM org.optframework.core.utils.Printer printSolution
INFO: Timeline for instance m3.2xlarge : 3242.309692307692
Jun 20, 2018 3:22:34 PM org.optframework.core.utils.Printer printSolution
INFO: Timeline for instance m1.xlarge : 2534.4250769230766
Jun 20, 2018 3:22:34 PM org.optframework.core.utils.Printer printSolution
INFO: Timeline for instance m3.2xlarge : 3101.5404615384614
Jun 20, 2018 3:22:34 PM org.optframework.core.utils.Printer printSolution
INFO: Timeline for instance m2.4xlarge : 4936.156846153846
Jun 20, 2018 3:22:34 PM org.optframework.core.utils.Printer printSolution
INFO: Timeline for instance m3.xlarge : 4200.0019999999995
Jun 20, 2018 3:22:34 PM org.optframework.core.utils.Printer printSolution
INFO: Value of the X Array:  0 0 1 2 1 0 1 1 0 3 0 2 2 1 1 3 3 4 5 3 0 1 0 1 0 5 3 6 7 6
Jun 20, 2018 3:22:34 PM org.optframework.core.utils.Printer printSolution
INFO: Value of the Y Array:  6 6 6 8 3 8 6 7
Jun 20, 2018 3:22:34 PM org.optframework.core.utils.Printer printSolution
INFO: Total Cost: 0.5672226269273504
Jun 20, 2018 3:22:34 PM org.optframework.core.utils.Printer printSolution
INFO: Makespan: 4936
Jun 20, 2018 3:22:34 PM org.optframework.core.utils.Printer printSolution
INFO: Fitness Value: 4935.000567222627
Jun 20, 2018 3:22:34 PM org.optframework.core.utils.Printer printSolution
INFO: Algorithm runtime: 0 Seconds [331]
Jun 20, 2018 3:22:34 PM org.optframework.core.hbmo.HBMOAlgorithm runAlgorithm
INFO: =========================Iteration :3
Jun 20, 2018 3:22:34 PM org.optframework.core.utils.Printer printSolution
INFO: Number of used Instances: 8
Jun 20, 2018 3:22:34 PM org.optframework.core.utils.Printer printSolution
INFO: Requested time for instance m2.4xlarge : 4326.924076923076
Jun 20, 2018 3:22:34 PM org.optframework.core.utils.Printer printSolution
INFO: Requested time for instance m2.4xlarge : 881.5384615384615
Jun 20, 2018 3:22:34 PM org.optframework.core.utils.Printer printSolution
INFO: Requested time for instance m2.4xlarge : 4294.616384615384
Jun 20, 2018 3:22:34 PM org.optframework.core.utils.Printer printSolution
INFO: Requested time for instance m2.4xlarge : 4693.843153846154
Jun 20, 2018 3:22:34 PM org.optframework.core.utils.Printer printSolution
INFO: Requested time for instance m2.4xlarge : 978.4615384615385
Jun 20, 2018 3:22:34 PM org.optframework.core.utils.Printer printSolution
INFO: Requested time for instance m2.4xlarge : 618.4615384615385
Jun 20, 2018 3:22:34 PM org.optframework.core.utils.Printer printSolution
INFO: Requested time for instance m2.4xlarge : 11.538461538461538
Jun 20, 2018 3:22:34 PM org.optframework.core.utils.Printer printSolution
INFO: Requested time for instance m3.xlarge : 1689.2307692307693
Jun 20, 2018 3:22:34 PM org.optframework.core.utils.Printer printSolution
INFO: Timeline for instance m2.4xlarge : 4326.924076923076
Jun 20, 2018 3:22:34 PM org.optframework.core.utils.Printer printSolution
INFO: Timeline for instance m2.4xlarge : 881.5384615384615
Jun 20, 2018 3:22:34 PM org.optframework.core.utils.Printer printSolution
INFO: Timeline for instance m2.4xlarge : 4294.616384615384
Jun 20, 2018 3:22:34 PM org.optframework.core.utils.Printer printSolution
INFO: Timeline for instance m2.4xlarge : 4776.924076923076
Jun 20, 2018 3:22:34 PM org.optframework.core.utils.Printer printSolution
INFO: Timeline for instance m2.4xlarge : 3830.7702307692307
Jun 20, 2018 3:22:34 PM org.optframework.core.utils.Printer printSolution
INFO: Timeline for instance m2.4xlarge : 3456.9240769230764
Jun 20, 2018 3:22:34 PM org.optframework.core.utils.Printer printSolution
INFO: Timeline for instance m2.4xlarge : 4788.4635384615385
Jun 20, 2018 3:22:34 PM org.optframework.core.utils.Printer printSolution
INFO: Timeline for instance m3.xlarge : 4569.231769230769
Jun 20, 2018 3:22:34 PM org.optframework.core.utils.Printer printSolution
INFO: Value of the X Array:  0 0 0 1 1 0 2 2 0 3 0 2 3 1 5 3 3 4 5 3 0 0 0 2 4 5 3 3 7 6
Jun 20, 2018 3:22:34 PM org.optframework.core.utils.Printer printSolution
INFO: Value of the Y Array:  6 6 6 6 6 6 6 7
Jun 20, 2018 3:22:34 PM org.optframework.core.utils.Printer printSolution
INFO: Total Cost: 0.5116592002136752
Jun 20, 2018 3:22:34 PM org.optframework.core.utils.Printer printSolution
INFO: Makespan: 4788
Jun 20, 2018 3:22:34 PM org.optframework.core.utils.Printer printSolution
INFO: Fitness Value: 4787.0005116592
Jun 20, 2018 3:22:34 PM org.optframework.core.utils.Printer printSolution
INFO: Algorithm runtime: 0 Seconds [247]
Jun 20, 2018 3:22:34 PM org.optframework.core.hbmo.HBMOAlgorithm runAlgorithm
INFO: =========================Iteration :4
Jun 20, 2018 3:22:34 PM org.optframework.core.utils.Printer printSolution
INFO: Number of used Instances: 8
Jun 20, 2018 3:22:34 PM org.optframework.core.utils.Printer printSolution
INFO: Requested time for instance m2.4xlarge : 3881.5444615384613
Jun 20, 2018 3:22:34 PM org.optframework.core.utils.Printer printSolution
INFO: Requested time for instance m2.4xlarge : 129.23076923076923
Jun 20, 2018 3:22:34 PM org.optframework.core.utils.Printer printSolution
INFO: Requested time for instance m2.4xlarge : 3796.155846153846
Jun 20, 2018 3:22:34 PM org.optframework.core.utils.Printer printSolution
INFO: Requested time for instance m2.4xlarge : 3519.232769230769
Jun 20, 2018 3:22:34 PM org.optframework.core.utils.Printer printSolution
INFO: Requested time for instance m3.xlarge : 1204.6153846153845
Jun 20, 2018 3:22:34 PM org.optframework.core.utils.Printer printSolution
INFO: Requested time for instance m2.4xlarge : 3849.2347692307685
Jun 20, 2018 3:22:34 PM org.optframework.core.utils.Printer printSolution
INFO: Requested time for instance m2.4xlarge : 733.8461538461539
Jun 20, 2018 3:22:34 PM org.optframework.core.utils.Printer printSolution
INFO: Requested time for instance m2.4xlarge : 872.3076923076923
Jun 20, 2018 3:22:34 PM org.optframework.core.utils.Printer printSolution
INFO: Timeline for instance m2.4xlarge : 3881.5444615384613
Jun 20, 2018 3:22:34 PM org.optframework.core.utils.Printer printSolution
INFO: Timeline for instance m2.4xlarge : 129.23076923076923
Jun 20, 2018 3:22:34 PM org.optframework.core.utils.Printer printSolution
INFO: Timeline for instance m2.4xlarge : 3837.698307692307
Jun 20, 2018 3:22:34 PM org.optframework.core.utils.Printer printSolution
INFO: Timeline for instance m2.4xlarge : 3602.313692307692
Jun 20, 2018 3:22:34 PM org.optframework.core.utils.Printer printSolution
INFO: Timeline for instance m3.xlarge : 3613.852153846153
Jun 20, 2018 3:22:34 PM org.optframework.core.utils.Printer printSolution
INFO: Timeline for instance m2.4xlarge : 3893.0849230769227
Jun 20, 2018 3:22:34 PM org.optframework.core.utils.Printer printSolution
INFO: Timeline for instance m2.4xlarge : 3143.0829230769227
Jun 20, 2018 3:22:34 PM org.optframework.core.utils.Printer printSolution
INFO: Timeline for instance m2.4xlarge : 3281.5444615384613
Jun 20, 2018 3:22:34 PM org.optframework.core.utils.Printer printSolution
INFO: Value of the X Array:  0 0 0 1 1 0 1 2 0 3 0 5 3 2 5 0 6 4 2 0 7 6 0 2 5 4 6 3 7 5
Jun 20, 2018 3:22:34 PM org.optframework.core.utils.Printer printSolution
INFO: Value of the Y Array:  6 6 6 6 7 6 6 6
Jun 20, 2018 3:22:34 PM org.optframework.core.utils.Printer printSolution
INFO: Total Cost: 0.5332481200854701
Jun 20, 2018 3:22:34 PM org.optframework.core.utils.Printer printSolution
INFO: Makespan: 3893
Jun 20, 2018 3:22:34 PM org.optframework.core.utils.Printer printSolution
INFO: Fitness Value: 3892.00053324812
Jun 20, 2018 3:22:34 PM org.optframework.core.utils.Printer printSolution
INFO: Algorithm runtime: 0 Seconds [346]
Jun 20, 2018 3:22:34 PM org.optframework.core.utils.Printer printSolution
INFO: Number of used Instances: 8
Jun 20, 2018 3:22:34 PM org.optframework.core.utils.Printer printSolution
INFO: Requested time for instance m2.4xlarge : 3881.5444615384613
Jun 20, 2018 3:22:34 PM org.optframework.core.utils.Printer printSolution
INFO: Requested time for instance m2.4xlarge : 129.23076923076923
Jun 20, 2018 3:22:34 PM org.optframework.core.utils.Printer printSolution
INFO: Requested time for instance m2.4xlarge : 3796.155846153846
Jun 20, 2018 3:22:34 PM org.optframework.core.utils.Printer printSolution
INFO: Requested time for instance m2.4xlarge : 3519.232769230769
Jun 20, 2018 3:22:34 PM org.optframework.core.utils.Printer printSolution
INFO: Requested time for instance m3.xlarge : 1204.6153846153845
Jun 20, 2018 3:22:34 PM org.optframework.core.utils.Printer printSolution
INFO: Requested time for instance m2.4xlarge : 3849.2347692307685
Jun 20, 2018 3:22:34 PM org.optframework.core.utils.Printer printSolution
INFO: Requested time for instance m2.4xlarge : 733.8461538461539
Jun 20, 2018 3:22:34 PM org.optframework.core.utils.Printer printSolution
INFO: Requested time for instance m2.4xlarge : 872.3076923076923
Jun 20, 2018 3:22:34 PM org.optframework.core.utils.Printer printSolution
INFO: Timeline for instance m2.4xlarge : 3881.5444615384613
Jun 20, 2018 3:22:34 PM org.optframework.core.utils.Printer printSolution
INFO: Timeline for instance m2.4xlarge : 129.23076923076923
Jun 20, 2018 3:22:34 PM org.optframework.core.utils.Printer printSolution
INFO: Timeline for instance m2.4xlarge : 3837.698307692307
Jun 20, 2018 3:22:34 PM org.optframework.core.utils.Printer printSolution
INFO: Timeline for instance m2.4xlarge : 3602.313692307692
Jun 20, 2018 3:22:34 PM org.optframework.core.utils.Printer printSolution
INFO: Timeline for instance m3.xlarge : 3613.852153846153
Jun 20, 2018 3:22:34 PM org.optframework.core.utils.Printer printSolution
INFO: Timeline for instance m2.4xlarge : 3893.0849230769227
Jun 20, 2018 3:22:34 PM org.optframework.core.utils.Printer printSolution
INFO: Timeline for instance m2.4xlarge : 3143.0829230769227
Jun 20, 2018 3:22:34 PM org.optframework.core.utils.Printer printSolution
INFO: Timeline for instance m2.4xlarge : 3281.5444615384613
Jun 20, 2018 3:22:34 PM org.optframework.core.utils.Printer printSolution
INFO: Value of the X Array:  0 0 0 1 1 0 1 2 0 3 0 5 3 2 5 0 6 4 2 0 7 6 0 2 5 4 6 3 7 5
Jun 20, 2018 3:22:34 PM org.optframework.core.utils.Printer printSolution
INFO: Value of the Y Array:  6 6 6 6 7 6 6 6
Jun 20, 2018 3:22:34 PM org.optframework.core.utils.Printer printSolution
INFO: Total Cost: 0.5332481200854701
Jun 20, 2018 3:22:34 PM org.optframework.core.utils.Printer printSolution
INFO: Makespan: 3893
Jun 20, 2018 3:22:34 PM org.optframework.core.utils.Printer printSolution
INFO: Fitness Value: 3892.00053324812
Jun 20, 2018 3:22:34 PM org.optframework.core.utils.Printer printSolution
INFO: Algorithm runtime: 2 Seconds [2041]
Jun 20, 2018 3:22:34 PM org.optframework.RunHEFTWithHBMO main
INFO: ----------  HBMO Algorithm is finished  ----------
Jun 20, 2018 3:22:34 PM org.optframework.core.utils.PopulateWorkflow populateWorkflowFromDaxWithId
INFO: Populates the workflow from Dax file
