Jun 14, 2018 7:45:29 PM org.optframework.RunSAAlgorithm main
INFO: <<<<<<<<< SA Algorithm is started >>>>>>>>>
Jun 14, 2018 7:45:30 PM org.optframework.RunSAAlgorithm main
INFO: Loads configs
Jun 14, 2018 7:45:30 PM org.optframework.core.utils.PopulateWorkflow populateWorkflowFromDax
INFO: Populates the workflow from Dax file
Jun 14, 2018 7:45:30 PM org.optframework.RunSAAlgorithm main
INFO: Maximum number of instances: 100 Number of different types of instances: 9 Number of tasks: 30
Jun 14, 2018 7:45:30 PM org.optframework.RunSAAlgorithm populateInstancePrices
INFO: Loads spot prices history
Jun 14, 2018 3:15:31 PM org.optframework.core.sa.SimulatedAnnealingAlgorithm runAlgorithm
INFO: Starts SA Algorithm
Jun 14, 2018 3:15:31 PM org.optframework.core.sa.SimulatedAnnealingAlgorithm runAlgorithm
INFO: Simulated Annealing parameters Initial temp: 850.0 Final temp: 0.1 Cooling Factor: 0.8 Equilibrium point: 50.0
Jun 14, 2018 3:15:34 PM org.optframework.core.utils.Printer printSolution
INFO: Number of used Instances: 10
Jun 14, 2018 3:15:34 PM org.optframework.core.utils.Printer printSolution
INFO: Requested time for instance m2.4xlarge : 2806.1538461538457
Jun 14, 2018 3:15:34 PM org.optframework.core.utils.Printer printSolution
INFO: Requested time for instance m3.2xlarge : 2471.538461538461
Jun 14, 2018 3:15:34 PM org.optframework.core.utils.Printer printSolution
INFO: Requested time for instance m2.4xlarge : 1626.9230769230767
Jun 14, 2018 3:15:34 PM org.optframework.core.utils.Printer printSolution
INFO: Requested time for instance m3.2xlarge : 3055.384615384615
Jun 14, 2018 3:15:34 PM org.optframework.core.utils.Printer printSolution
INFO: Requested time for instance m2.4xlarge : 3043.846153846153
Jun 14, 2018 3:15:34 PM org.optframework.core.utils.Printer printSolution
INFO: Requested time for instance m2.4xlarge : 2370.0
Jun 14, 2018 3:15:34 PM org.optframework.core.utils.Printer printSolution
INFO: Requested time for instance m3.xlarge : 1232.3076923076922
Jun 14, 2018 3:15:34 PM org.optframework.core.utils.Printer printSolution
INFO: Requested time for instance m3.2xlarge : 3073.8461538461534
Jun 14, 2018 3:15:34 PM org.optframework.core.utils.Printer printSolution
INFO: Requested time for instance m1.large : 75.0
Jun 14, 2018 3:15:34 PM org.optframework.core.utils.Printer printSolution
INFO: Requested time for instance m1.xlarge : 45.0
Jun 14, 2018 3:15:34 PM org.optframework.core.utils.Printer printSolution
INFO: Timeline for instance m2.4xlarge : 2806.1538461538457
Jun 14, 2018 3:15:34 PM org.optframework.core.utils.Printer printSolution
INFO: Timeline for instance m3.2xlarge : 2471.5384615384614
Jun 14, 2018 3:15:34 PM org.optframework.core.utils.Printer printSolution
INFO: Timeline for instance m2.4xlarge : 1626.9230769230767
Jun 14, 2018 3:15:34 PM org.optframework.core.utils.Printer printSolution
INFO: Timeline for instance m3.2xlarge : 3055.3846153846152
Jun 14, 2018 3:15:34 PM org.optframework.core.utils.Printer printSolution
INFO: Timeline for instance m2.4xlarge : 3085.384615384615
Jun 14, 2018 3:15:34 PM org.optframework.core.utils.Printer printSolution
INFO: Timeline for instance m2.4xlarge : 2370.0
Jun 14, 2018 3:15:34 PM org.optframework.core.utils.Printer printSolution
INFO: Timeline for instance m3.xlarge : 2845.3846153846152
Jun 14, 2018 3:15:34 PM org.optframework.core.utils.Printer printSolution
INFO: Timeline for instance m3.2xlarge : 3073.8461538461534
Jun 14, 2018 3:15:34 PM org.optframework.core.utils.Printer printSolution
INFO: Timeline for instance m1.large : 1688.0769230769229
Jun 14, 2018 3:15:34 PM org.optframework.core.utils.Printer printSolution
INFO: Timeline for instance m1.xlarge : 1658.0769230769229
Jun 14, 2018 3:15:34 PM org.optframework.core.utils.Printer printSolution
INFO: Value of the X Array:  3 2 1 7 5 2 0 7 2 0 4 1 3 5 2 4 6 8 9 6 5 2 7 3 4 6 5 0 1 4
Jun 14, 2018 3:15:34 PM org.optframework.core.utils.Printer printSolution
INFO: Value of the Y Array:  6 8 6 8 6 6 7 8 2 3
Jun 14, 2018 3:15:34 PM org.optframework.core.utils.Printer printSolution
INFO: Total Cost: 0.6148842628205128
Jun 14, 2018 3:15:34 PM org.optframework.core.utils.Printer printSolution
INFO: Makespan: 3085.384615384615
Jun 14, 2018 3:15:34 PM org.optframework.core.utils.Printer printSolution
INFO: Fitness Value: 3085.384615384615
Jun 14, 2018 3:15:34 PM org.optframework.core.utils.Printer printSolution
INFO: Algorithm runtime: 3 Seconds [3016]
