Jun 14, 2018 7:44:44 PM org.optframework.RunSAAlgorithm main
INFO: <<<<<<<<< SA Algorithm is started >>>>>>>>>
Jun 14, 2018 7:44:44 PM org.optframework.RunSAAlgorithm main
INFO: Loads configs
Jun 14, 2018 7:44:44 PM org.optframework.core.utils.PopulateWorkflow populateWorkflowFromDax
INFO: Populates the workflow from Dax file
Jun 14, 2018 7:44:44 PM org.optframework.RunSAAlgorithm main
INFO: Maximum number of instances: 100 Number of different types of instances: 9 Number of tasks: 30
Jun 14, 2018 7:44:44 PM org.optframework.RunSAAlgorithm populateInstancePrices
INFO: Loads spot prices history
Jun 14, 2018 3:14:45 PM org.optframework.core.sa.SimulatedAnnealingAlgorithm runAlgorithm
INFO: Starts SA Algorithm
Jun 14, 2018 3:14:45 PM org.optframework.core.sa.SimulatedAnnealingAlgorithm runAlgorithm
INFO: Simulated Annealing parameters Initial temp: 850.0 Final temp: 0.1 Cooling Factor: 0.8 Equilibrium point: 50.0
Jun 14, 2018 3:14:49 PM org.optframework.core.utils.Printer printSolution
INFO: Number of used Instances: 12
Jun 14, 2018 3:14:49 PM org.optframework.core.utils.Printer printSolution
INFO: Requested time for instance m2.4xlarge : 3073.8461538461534
Jun 14, 2018 3:14:49 PM org.optframework.core.utils.Printer printSolution
INFO: Requested time for instance m3.2xlarge : 2852.3076923076924
Jun 14, 2018 3:14:49 PM org.optframework.core.utils.Printer printSolution
INFO: Requested time for instance m3.2xlarge : 1583.0769230769229
Jun 14, 2018 3:14:49 PM org.optframework.core.utils.Printer printSolution
INFO: Requested time for instance m3.2xlarge : 2591.538461538461
Jun 14, 2018 3:14:49 PM org.optframework.core.utils.Printer printSolution
INFO: Requested time for instance m2.4xlarge : 2471.5384615384614
Jun 14, 2018 3:14:49 PM org.optframework.core.utils.Printer printSolution
INFO: Requested time for instance m3.2xlarge : 1458.4615384615383
Jun 14, 2018 3:14:49 PM org.optframework.core.utils.Printer printSolution
INFO: Requested time for instance m3.2xlarge : 2217.6923076923076
Jun 14, 2018 3:14:49 PM org.optframework.core.utils.Printer printSolution
INFO: Requested time for instance m2.4xlarge : 706.1538461538462
Jun 14, 2018 3:14:49 PM org.optframework.core.utils.Printer printSolution
INFO: Requested time for instance m2.xlarge : 60.0
Jun 14, 2018 3:14:49 PM org.optframework.core.utils.Printer printSolution
INFO: Requested time for instance m2.xlarge : 190.0
Jun 14, 2018 3:14:49 PM org.optframework.core.utils.Printer printSolution
INFO: Requested time for instance m3.2xlarge : 25.384615384615387
Jun 14, 2018 3:14:49 PM org.optframework.core.utils.Printer printSolution
INFO: Requested time for instance m2.4xlarge : 1585.3846153846152
Jun 14, 2018 3:14:49 PM org.optframework.core.utils.Printer printSolution
INFO: Timeline for instance m2.4xlarge : 3073.8461538461534
Jun 14, 2018 3:14:49 PM org.optframework.core.utils.Printer printSolution
INFO: Timeline for instance m3.2xlarge : 2852.3076923076924
Jun 14, 2018 3:14:49 PM org.optframework.core.utils.Printer printSolution
INFO: Timeline for instance m3.2xlarge : 1624.6153846153843
Jun 14, 2018 3:14:49 PM org.optframework.core.utils.Printer printSolution
INFO: Timeline for instance m3.2xlarge : 2591.538461538461
Jun 14, 2018 3:14:49 PM org.optframework.core.utils.Printer printSolution
INFO: Timeline for instance m2.4xlarge : 2471.5384615384614
Jun 14, 2018 3:14:49 PM org.optframework.core.utils.Printer printSolution
INFO: Timeline for instance m3.2xlarge : 3085.384615384615
Jun 14, 2018 3:14:49 PM org.optframework.core.utils.Printer printSolution
INFO: Timeline for instance m3.2xlarge : 2217.6923076923076
Jun 14, 2018 3:14:49 PM org.optframework.core.utils.Printer printSolution
INFO: Timeline for instance m2.4xlarge : 2344.6153846153843
Jun 14, 2018 3:14:49 PM org.optframework.core.utils.Printer printSolution
INFO: Timeline for instance m2.xlarge : 1673.0769230769229
Jun 14, 2018 3:14:49 PM org.optframework.core.utils.Printer printSolution
INFO: Timeline for instance m2.xlarge : 190.0
Jun 14, 2018 3:14:49 PM org.optframework.core.utils.Printer printSolution
INFO: Timeline for instance m3.2xlarge : 1638.461538461538
Jun 14, 2018 3:14:49 PM org.optframework.core.utils.Printer printSolution
INFO: Timeline for instance m2.4xlarge : 1626.9230769230767
Jun 14, 2018 3:14:49 PM org.optframework.core.utils.Printer printSolution
INFO: Value of the X Array:  1 6 3 4 0 3 9 11 3 1 2 0 4 6 6 11 0 2 10 10 8 1 0 5 3 6 7 1 4 5
Jun 14, 2018 3:14:49 PM org.optframework.core.utils.Printer printSolution
INFO: Value of the Y Array:  6 8 8 8 6 8 8 6 4 4 8 6
Jun 14, 2018 3:14:49 PM org.optframework.core.utils.Printer printSolution
INFO: Total Cost: 0.6058409401709401
Jun 14, 2018 3:14:49 PM org.optframework.core.utils.Printer printSolution
INFO: Makespan: 3085.384615384615
Jun 14, 2018 3:14:49 PM org.optframework.core.utils.Printer printSolution
INFO: Fitness Value: 3085.384615384615
Jun 14, 2018 3:14:49 PM org.optframework.core.utils.Printer printSolution
INFO: Algorithm runtime: 3 Seconds [3260]
