Jun 14, 2018 7:46:45 PM org.optframework.RunSAAlgorithm main
INFO: <<<<<<<<< SA Algorithm is started >>>>>>>>>
Jun 14, 2018 7:46:45 PM org.optframework.RunSAAlgorithm main
INFO: Loads configs
Jun 14, 2018 7:46:45 PM org.optframework.core.utils.PopulateWorkflow populateWorkflowFromDax
INFO: Populates the workflow from Dax file
Jun 14, 2018 7:46:45 PM org.optframework.RunSAAlgorithm main
INFO: Maximum number of instances: 100 Number of different types of instances: 9 Number of tasks: 30
Jun 14, 2018 7:46:45 PM org.optframework.RunSAAlgorithm populateInstancePrices
INFO: Loads spot prices history
Jun 14, 2018 3:16:46 PM org.optframework.core.sa.SimulatedAnnealingAlgorithm runAlgorithm
INFO: Starts SA Algorithm
Jun 14, 2018 3:16:46 PM org.optframework.core.sa.SimulatedAnnealingAlgorithm runAlgorithm
INFO: Simulated Annealing parameters Initial temp: 850.0 Final temp: 0.1 Cooling Factor: 0.8 Equilibrium point: 50.0
Jun 14, 2018 3:16:50 PM org.optframework.core.utils.Printer printSolution
INFO: Number of used Instances: 12
Jun 14, 2018 3:16:50 PM org.optframework.core.utils.Printer printSolution
INFO: Requested time for instance m3.2xlarge : 768.4615384615385
Jun 14, 2018 3:16:50 PM org.optframework.core.utils.Printer printSolution
INFO: Requested time for instance m3.2xlarge : 2997.692307692307
Jun 14, 2018 3:16:50 PM org.optframework.core.utils.Printer printSolution
INFO: Requested time for instance m2.4xlarge : 2352.6923076923076
Jun 14, 2018 3:16:50 PM org.optframework.core.utils.Printer printSolution
INFO: Requested time for instance m2.4xlarge : 2806.153846153846
Jun 14, 2018 3:16:50 PM org.optframework.core.utils.Printer printSolution
INFO: Requested time for instance m3.2xlarge : 1236.923076923077
Jun 14, 2018 3:16:50 PM org.optframework.core.utils.Printer printSolution
INFO: Requested time for instance m2.4xlarge : 2485.3846153846152
Jun 14, 2018 3:16:50 PM org.optframework.core.utils.Printer printSolution
INFO: Requested time for instance m3.2xlarge : 1613.0769230769229
Jun 14, 2018 3:16:50 PM org.optframework.core.utils.Printer printSolution
INFO: Requested time for instance m2.2xlarge : 1204.6153846153845
Jun 14, 2018 3:16:50 PM org.optframework.core.utils.Printer printSolution
INFO: Requested time for instance m3.2xlarge : 3055.3846153846152
Jun 14, 2018 3:16:50 PM org.optframework.core.utils.Printer printSolution
INFO: Requested time for instance m2.4xlarge : 3073.8461538461534
Jun 14, 2018 3:16:50 PM org.optframework.core.utils.Printer printSolution
INFO: Requested time for instance m1.large : 1688.0769230769229
Jun 14, 2018 3:16:50 PM org.optframework.core.utils.Printer printSolution
INFO: Requested time for instance m2.2xlarge : 87.6923076923077
Jun 14, 2018 3:16:50 PM org.optframework.core.utils.Printer printSolution
INFO: Timeline for instance m3.2xlarge : 810.0
Jun 14, 2018 3:16:50 PM org.optframework.core.utils.Printer printSolution
INFO: Timeline for instance m3.2xlarge : 3085.384615384615
Jun 14, 2018 3:16:50 PM org.optframework.core.utils.Printer printSolution
INFO: Timeline for instance m2.4xlarge : 2394.230769230769
Jun 14, 2018 3:16:50 PM org.optframework.core.utils.Printer printSolution
INFO: Timeline for instance m2.4xlarge : 2806.1538461538457
Jun 14, 2018 3:16:50 PM org.optframework.core.utils.Printer printSolution
INFO: Timeline for instance m3.2xlarge : 1280.7692307692307
Jun 14, 2018 3:16:50 PM org.optframework.core.utils.Printer printSolution
INFO: Timeline for instance m2.4xlarge : 2485.3846153846152
Jun 14, 2018 3:16:50 PM org.optframework.core.utils.Printer printSolution
INFO: Timeline for instance m3.2xlarge : 1613.0769230769229
Jun 14, 2018 3:16:50 PM org.optframework.core.utils.Printer printSolution
INFO: Timeline for instance m2.2xlarge : 2817.6923076923076
Jun 14, 2018 3:16:50 PM org.optframework.core.utils.Printer printSolution
INFO: Timeline for instance m3.2xlarge : 3055.3846153846152
Jun 14, 2018 3:16:50 PM org.optframework.core.utils.Printer printSolution
INFO: Timeline for instance m2.4xlarge : 3073.8461538461534
Jun 14, 2018 3:16:50 PM org.optframework.core.utils.Printer printSolution
INFO: Timeline for instance m1.large : 1688.0769230769229
Jun 14, 2018 3:16:50 PM org.optframework.core.utils.Printer printSolution
INFO: Timeline for instance m2.2xlarge : 87.6923076923077
Jun 14, 2018 3:16:50 PM org.optframework.core.utils.Printer printSolution
INFO: Value of the X Array:  6 9 3 10 5 8 11 6 2 9 5 4 0 1 6 2 9 7 1 10 8 8 9 8 1 7 2 3 5 1
Jun 14, 2018 3:16:50 PM org.optframework.core.utils.Printer printSolution
INFO: Value of the Y Array:  8 8 6 6 8 6 8 5 8 6 2 5
Jun 14, 2018 3:16:50 PM org.optframework.core.utils.Printer printSolution
INFO: Total Cost: 0.6847133333333333
Jun 14, 2018 3:16:50 PM org.optframework.core.utils.Printer printSolution
INFO: Makespan: 3085.384615384615
Jun 14, 2018 3:16:50 PM org.optframework.core.utils.Printer printSolution
INFO: Fitness Value: 3085.384615384615
Jun 14, 2018 3:16:50 PM org.optframework.core.utils.Printer printSolution
INFO: Algorithm runtime: 3 Seconds [3361]
